#
# There is insufficient memory for the Java Runtime Environment to continue.
# Native memory allocation (malloc) failed to allocate 1073936 bytes for Chunk::new
# Possible reasons:
#   The system is out of physical RAM or swap space
#   The process is running with CompressedOops enabled, and the Java Heap may be blocking the growth of the native heap
# Possible solutions:
#   Reduce memory load on the system
#   Increase physical memory or swap space
#   Check if swap backing store is full
#   Decrease Java heap size (-Xmx/-Xms)
#   Decrease number of Java threads
#   Decrease Java thread stack sizes (-Xss)
#   Set larger code cache with -XX:ReservedCodeCacheSize=
#   JVM is running with Unscaled Compressed Oops mode in which the Java heap is
#     placed in the first 4GB address space. The Java Heap base address is the
#     maximum limit for the native heap growth. Please use -XX:HeapBaseMinAddress
#     to set the Java Heap base and to place the Java Heap above 4GB virtual address.
# This output file may be truncated or incomplete.
#
#  Out of Memory Error (allocation.cpp:389), pid=20368, tid=0x0000000000013dfc
#
# JRE version: Java(TM) SE Runtime Environment (8.0_211-b12) (build 1.8.0_211-b12)
# Java VM: Java HotSpot(TM) 64-Bit Server VM (25.211-b12 mixed mode windows-amd64 compressed oops)
# Failed to write core dump. Minidumps are not enabled by default on client versions of Windows
#

---------------  T H R E A D  ---------------

Current thread (0x0000000016ed7000):  JavaThread "C2 CompilerThread1" daemon [_thread_in_native, id=81404, stack(0x0000000017840000,0x0000000017940000)]

Stack: [0x0000000017840000,0x0000000017940000]
[error occurred during error reporting (printing stack bounds), id 0xc0000005]

Native frames: (J=compiled Java code, j=interpreted, Vv=VM code, C=native code)


Current CompileTask:
C2:  16501 3472 % !   4       java.util.jar.Attributes::read @ 177 (380 bytes)


---------------  P R O C E S S  ---------------

Java Threads: ( => current thread )
  0x0000000017f42800 JavaThread "restartedMain" [_thread_in_vm, id=48944, stack(0x0000000018dc0000,0x0000000018ec0000)]
  0x0000000017f41000 JavaThread "Thread-0" [_thread_blocked, id=10152, stack(0x0000000018cc0000,0x0000000018dc0000)]
  0x0000000016ffd000 JavaThread "Service Thread" daemon [_thread_blocked, id=91392, stack(0x0000000017a40000,0x0000000017b40000)]
  0x0000000016edf800 JavaThread "C1 CompilerThread2" daemon [_thread_blocked, id=17468, stack(0x0000000017940000,0x0000000017a40000)]
=>0x0000000016ed7000 JavaThread "C2 CompilerThread1" daemon [_thread_in_native, id=81404, stack(0x0000000017840000,0x0000000017940000)]
  0x0000000016f2b800 JavaThread "C2 CompilerThread0" daemon [_thread_blocked, id=3200, stack(0x0000000017740000,0x0000000017840000)]
  0x0000000016f29800 JavaThread "Monitor Ctrl-Break" daemon [_thread_in_native, id=79960, stack(0x0000000017640000,0x0000000017740000)]
  0x0000000016883000 JavaThread "Attach Listener" daemon [_thread_blocked, id=82080, stack(0x0000000016d40000,0x0000000016e40000)]
  0x0000000015504000 JavaThread "Signal Dispatcher" daemon [_thread_blocked, id=24388, stack(0x0000000016c40000,0x0000000016d40000)]
  0x0000000002f6a800 JavaThread "Finalizer" daemon [_thread_blocked, id=85668, stack(0x0000000016740000,0x0000000016840000)]
  0x0000000002f67000 JavaThread "Reference Handler" daemon [_thread_blocked, id=54908, stack(0x0000000016640000,0x0000000016740000)]
  0x0000000002e77000 JavaThread "main" [_thread_blocked, id=65072, stack(0x0000000002c70000,0x0000000002d70000)]

Other Threads:
  0x00000000154b7800 VMThread [stack: 0x0000000016540000,0x0000000016640000] [id=77576]
  0x0000000016fe0800 WatcherThread [stack: 0x0000000017b40000,0x0000000017c40000] [id=40008]

VM state:not at safepoint (normal execution)

VM Mutex/Monitor currently owned by a thread: None

heap address: 0x00000000c2200000, size: 990 MB, Compressed Oops mode: 32-bit
Narrow klass base: 0x0000000000000000, Narrow klass shift: 3
Compressed class space size: 1073741824 Address: 0x0000000100000000

Heap:
 PSYoungGen      total 165376K, used 43483K [0x00000000eb600000, 0x00000000f7b00000, 0x0000000100000000)
  eden space 156160K, 27% used [0x00000000eb600000,0x00000000ee076df8,0x00000000f4e80000)
  from space 9216K, 0% used [0x00000000f5800000,0x00000000f5800000,0x00000000f6100000)
  to   space 9728K, 0% used [0x00000000f4e80000,0x00000000f4e80000,0x00000000f5800000)
 ParOldGen       total 48128K, used 13853K [0x00000000c2200000, 0x00000000c5100000, 0x00000000eb600000)
  object space 48128K, 28% used [0x00000000c2200000,0x00000000c2f87710,0x00000000c5100000)
 Metaspace       used 35919K, capacity 37722K, committed 37888K, reserved 1081344K
  class space    used 4725K, capacity 5095K, committed 5120K, reserved 1048576K

Card table byte_map: [0x0000000012330000,0x0000000012520000] byte_map_base: 0x0000000011d1f000

Marking Bits: (ParMarkBitMap*) 0x0000000073705ce0
 Begin Bits: [0x0000000012a70000, 0x00000000139e8000)
 End Bits:   [0x00000000139e8000, 0x0000000014960000)

Polling page: 0x00000000007f0000

CodeCache: size=245760Kb used=11590Kb max_used=11593Kb free=234169Kb
 bounds [0x0000000002f70000, 0x0000000003ad0000, 0x0000000011f70000]
 total_blobs=3753 nmethods=3343 adapters=323
 compilation: enabled

Compilation events (10 events):
Event: 16.477 Thread 0x0000000016f2b800 3539       4       sun.security.provider.ByteArrayAccess::b2iBig64 (614 bytes)
Event: 16.480 Thread 0x0000000016f2b800 nmethod 3539 0x0000000003aca610 code [0x0000000003aca760, 0x0000000003aca9b8]
Event: 16.480 Thread 0x0000000016f2b800 3538       4       java.lang.Character::isWhitespace (5 bytes)
Event: 16.481 Thread 0x0000000016f2b800 nmethod 3538 0x0000000003a8cdd0 code [0x0000000003a8cf00, 0x0000000003a8cf98]
Event: 16.481 Thread 0x0000000016f2b800 3534       4       java.util.HashMap::<init> (11 bytes)
Event: 16.482 Thread 0x0000000016f2b800 nmethod 3534 0x0000000003a960d0 code [0x0000000003a96200, 0x0000000003a96258]
Event: 16.486 Thread 0x0000000016edf800 3552       3       java.security.CodeSource::matchCerts (254 bytes)
Event: 16.488 Thread 0x0000000016edf800 nmethod 3552 0x0000000003ac2d10 code [0x0000000003ac2f20, 0x0000000003ac3a78]
Event: 16.494 Thread 0x0000000016edf800 3553       3       java.util.Locale::getCountry (8 bytes)
Event: 16.494 Thread 0x0000000016edf800 nmethod 3553 0x0000000003ac9250 code [0x0000000003ac93a0, 0x0000000003ac9590]

GC Heap History (10 events):
Event: 6.833 GC heap before
{Heap before GC invocations=8 (full 1):
 PSYoungGen      total 70144K, used 5140K [0x00000000eb600000, 0x00000000f3f00000, 0x0000000100000000)
  eden space 62976K, 0% used [0x00000000eb600000,0x00000000eb600000,0x00000000ef380000)
  from space 7168K, 71% used [0x00000000ef380000,0x00000000ef8851a0,0x00000000efa80000)
  to   space 7168K, 0% used [0x00000000f3800000,0x00000000f3800000,0x00000000f3f00000)
 ParOldGen       total 42496K, used 11027K [0x00000000c2200000, 0x00000000c4b80000, 0x00000000eb600000)
  object space 42496K, 25% used [0x00000000c2200000,0x00000000c2cc4d68,0x00000000c4b80000)
 Metaspace       used 20566K, capacity 21182K, committed 21248K, reserved 1067008K
  class space    used 2644K, capacity 2808K, committed 2816K, reserved 1048576K
Event: 6.882 GC heap after
Heap after GC invocations=8 (full 1):
 PSYoungGen      total 70144K, used 0K [0x00000000eb600000, 0x00000000f3f00000, 0x0000000100000000)
  eden space 62976K, 0% used [0x00000000eb600000,0x00000000eb600000,0x00000000ef380000)
  from space 7168K, 0% used [0x00000000ef380000,0x00000000ef380000,0x00000000efa80000)
  to   space 7168K, 0% used [0x00000000f3800000,0x00000000f3800000,0x00000000f3f00000)
 ParOldGen       total 31232K, used 7543K [0x00000000c2200000, 0x00000000c4080000, 0x00000000eb600000)
  object space 31232K, 24% used [0x00000000c2200000,0x00000000c295dd50,0x00000000c4080000)
 Metaspace       used 20566K, capacity 21182K, committed 21248K, reserved 1067008K
  class space    used 2644K, capacity 2808K, committed 2816K, reserved 1048576K
}
Event: 10.878 GC heap before
{Heap before GC invocations=9 (full 1):
 PSYoungGen      total 70144K, used 62976K [0x00000000eb600000, 0x00000000f3f00000, 0x0000000100000000)
  eden space 62976K, 100% used [0x00000000eb600000,0x00000000ef380000,0x00000000ef380000)
  from space 7168K, 0% used [0x00000000ef380000,0x00000000ef380000,0x00000000efa80000)
  to   space 7168K, 0% used [0x00000000f3800000,0x00000000f3800000,0x00000000f3f00000)
 ParOldGen       total 31232K, used 7543K [0x00000000c2200000, 0x00000000c4080000, 0x00000000eb600000)
  object space 31232K, 24% used [0x00000000c2200000,0x00000000c295dd50,0x00000000c4080000)
 Metaspace       used 24512K, capacity 25504K, committed 25728K, reserved 1071104K
  class space    used 3108K, capacity 3356K, committed 3456K, reserved 1048576K
Event: 10.898 GC heap after
Heap after GC invocations=9 (full 1):
 PSYoungGen      total 113664K, used 5832K [0x00000000eb600000, 0x00000000f3e00000, 0x0000000100000000)
  eden space 107520K, 0% used [0x00000000eb600000,0x00000000eb600000,0x00000000f1f00000)
  from space 6144K, 94% used [0x00000000f3800000,0x00000000f3db20a0,0x00000000f3e00000)
  to   space 7168K, 0% used [0x00000000f3000000,0x00000000f3000000,0x00000000f3700000)
 ParOldGen       total 31232K, used 7551K [0x00000000c2200000, 0x00000000c4080000, 0x00000000eb600000)
  object space 31232K, 24% used [0x00000000c2200000,0x00000000c295fd50,0x00000000c4080000)
 Metaspace       used 24512K, capacity 25504K, committed 25728K, reserved 1071104K
  class space    used 3108K, capacity 3356K, committed 3456K, reserved 1048576K
}
Event: 13.714 GC heap before
{Heap before GC invocations=10 (full 1):
 PSYoungGen      total 113664K, used 113352K [0x00000000eb600000, 0x00000000f3e00000, 0x0000000100000000)
  eden space 107520K, 100% used [0x00000000eb600000,0x00000000f1f00000,0x00000000f1f00000)
  from space 6144K, 94% used [0x00000000f3800000,0x00000000f3db20a0,0x00000000f3e00000)
  to   space 7168K, 0% used [0x00000000f3000000,0x00000000f3000000,0x00000000f3700000)
 ParOldGen       total 31232K, used 7551K [0x00000000c2200000, 0x00000000c4080000, 0x00000000eb600000)
  object space 31232K, 24% used [0x00000000c2200000,0x00000000c295fd50,0x00000000c4080000)
 Metaspace       used 30331K, capacity 31624K, committed 31872K, reserved 1077248K
  class space    used 3879K, capacity 4160K, committed 4224K, reserved 1048576K
Event: 13.831 GC heap after
Heap after GC invocations=10 (full 1):
 PSYoungGen      total 132096K, used 7155K [0x00000000eb600000, 0x00000000f6100000, 0x0000000100000000)
  eden space 124928K, 0% used [0x00000000eb600000,0x00000000eb600000,0x00000000f3000000)
  from space 7168K, 99% used [0x00000000f3000000,0x00000000f36fcf70,0x00000000f3700000)
  to   space 9216K, 0% used [0x00000000f5800000,0x00000000f5800000,0x00000000f6100000)
 ParOldGen       total 31232K, used 11213K [0x00000000c2200000, 0x00000000c4080000, 0x00000000eb600000)
  object space 31232K, 35% used [0x00000000c2200000,0x00000000c2cf36a0,0x00000000c4080000)
 Metaspace       used 30331K, capacity 31624K, committed 31872K, reserved 1077248K
  class space    used 3879K, capacity 4160K, committed 4224K, reserved 1048576K
}
Event: 15.494 GC heap before
{Heap before GC invocations=11 (full 1):
 PSYoungGen      total 132096K, used 51555K [0x00000000eb600000, 0x00000000f6100000, 0x0000000100000000)
  eden space 124928K, 35% used [0x00000000eb600000,0x00000000ee15bcf0,0x00000000f3000000)
  from space 7168K, 99% used [0x00000000f3000000,0x00000000f36fcf70,0x00000000f3700000)
  to   space 9216K, 0% used [0x00000000f5800000,0x00000000f5800000,0x00000000f6100000)
 ParOldGen       total 31232K, used 11213K [0x00000000c2200000, 0x00000000c4080000, 0x00000000eb600000)
  object space 31232K, 35% used [0x00000000c2200000,0x00000000c2cf36a0,0x00000000c4080000)
 Metaspace       used 33607K, capacity 35332K, committed 35416K, reserved 1079296K
  class space    used 4476K, capacity 4798K, committed 4864K, reserved 1048576K
Event: 15.547 GC heap after
Heap after GC invocations=11 (full 1):
 PSYoungGen      total 165376K, used 7367K [0x00000000eb600000, 0x00000000f7b00000, 0x0000000100000000)
  eden space 156160K, 0% used [0x00000000eb600000,0x00000000eb600000,0x00000000f4e80000)
  from space 9216K, 79% used [0x00000000f5800000,0x00000000f5f31c20,0x00000000f6100000)
  to   space 9728K, 0% used [0x00000000f4e80000,0x00000000f4e80000,0x00000000f5800000)
 ParOldGen       total 31232K, used 12880K [0x00000000c2200000, 0x00000000c4080000, 0x00000000eb600000)
  object space 31232K, 41% used [0x00000000c2200000,0x00000000c2e94278,0x00000000c4080000)
 Metaspace       used 33607K, capacity 35332K, committed 35416K, reserved 1079296K
  class space    used 4476K, capacity 4798K, committed 4864K, reserved 1048576K
}
Event: 15.548 GC heap before
{Heap before GC invocations=12 (full 2):
 PSYoungGen      total 165376K, used 7367K [0x00000000eb600000, 0x00000000f7b00000, 0x0000000100000000)
  eden space 156160K, 0% used [0x00000000eb600000,0x00000000eb600000,0x00000000f4e80000)
  from space 9216K, 79% used [0x00000000f5800000,0x00000000f5f31c20,0x00000000f6100000)
  to   space 9728K, 0% used [0x00000000f4e80000,0x00000000f4e80000,0x00000000f5800000)
 ParOldGen       total 31232K, used 12880K [0x00000000c2200000, 0x00000000c4080000, 0x00000000eb600000)
  object space 31232K, 41% used [0x00000000c2200000,0x00000000c2e94278,0x00000000c4080000)
 Metaspace       used 33607K, capacity 35332K, committed 35416K, reserved 1079296K
  class space    used 4476K, capacity 4798K, committed 4864K, reserved 1048576K
Event: 15.882 GC heap after
Heap after GC invocations=12 (full 2):
 PSYoungGen      total 165376K, used 0K [0x00000000eb600000, 0x00000000f7b00000, 0x0000000100000000)
  eden space 156160K, 0% used [0x00000000eb600000,0x00000000eb600000,0x00000000f4e80000)
  from space 9216K, 0% used [0x00000000f5800000,0x00000000f5800000,0x00000000f6100000)
  to   space 9728K, 0% used [0x00000000f4e80000,0x00000000f4e80000,0x00000000f5800000)
 ParOldGen       total 48128K, used 13853K [0x00000000c2200000, 0x00000000c5100000, 0x00000000eb600000)
  object space 48128K, 28% used [0x00000000c2200000,0x00000000c2f87710,0x00000000c5100000)
 Metaspace       used 33607K, capacity 35332K, committed 35416K, reserved 1079296K
  class space    used 4476K, capacity 4798K, committed 4864K, reserved 1048576K
}

Deoptimization events (10 events):
Event: 14.977 Thread 0x0000000017f42800 Uncommon trap: reason=unstable_if action=reinterpret pc=0x00000000039d0614 method=java.lang.Class.searchMethods([Ljava/lang/reflect/Method;Ljava/lang/String;[Ljava/lang/Class;)Ljava/lang/reflect/Method; @ 47
Event: 14.980 Thread 0x0000000017f42800 Uncommon trap: reason=unstable_if action=reinterpret pc=0x00000000039938ec method=java.util.concurrent.ConcurrentHashMap.get(Ljava/lang/Object;)Ljava/lang/Object; @ 152
Event: 15.052 Thread 0x0000000017f42800 Uncommon trap: reason=unstable_if action=reinterpret pc=0x000000000371a8c8 method=java.util.LinkedHashMap.get(Ljava/lang/Object;)Ljava/lang/Object; @ 20
Event: 16.228 Thread 0x0000000017f42800 Uncommon trap: reason=unstable_if action=reinterpret pc=0x000000000345c574 method=java.util.jar.JarFile.maybeInstantiateVerifier()V @ 75
Event: 16.229 Thread 0x0000000017f42800 Uncommon trap: reason=class_check action=maybe_recompile pc=0x00000000031d4900 method=java.util.jar.JarFile.getJarEntry(Ljava/lang/String;)Ljava/util/jar/JarEntry; @ 2
Event: 16.235 Thread 0x0000000017f42800 Uncommon trap: reason=class_check action=maybe_recompile pc=0x00000000031d4900 method=java.util.jar.JarFile.getJarEntry(Ljava/lang/String;)Ljava/util/jar/JarEntry; @ 2
Event: 16.236 Thread 0x0000000017f42800 Uncommon trap: reason=class_check action=maybe_recompile pc=0x00000000031d4900 method=java.util.jar.JarFile.getJarEntry(Ljava/lang/String;)Ljava/util/jar/JarEntry; @ 2
Event: 16.286 Thread 0x0000000017f42800 Uncommon trap: reason=class_check action=maybe_recompile pc=0x0000000003271198 method=java.lang.StringCoding$StringDecoder.decode([BII)[C @ 30
Event: 16.297 Thread 0x0000000017f42800 Uncommon trap: reason=unstable_if action=reinterpret pc=0x00000000032c83fc method=java.lang.CharacterDataLatin1.isWhitespace(I)Z @ 14
Event: 16.354 Thread 0x0000000017f42800 Uncommon trap: reason=class_check action=maybe_recompile pc=0x00000000031d4900 method=java.util.jar.JarFile.getJarEntry(Ljava/lang/String;)Ljava/util/jar/JarEntry; @ 2

Classes redefined (0 events):
No events

Internal exceptions (10 events):
Event: 14.214 Thread 0x0000000017f42800 Exception <a 'java/lang/ClassNotFoundException': java/lang/ObjectCustomizer> (0x00000000ec4ed5a0) thrown at [C:\re\workspace\8-2-build-windows-amd64-cygwin\jdk8u211\12973\hotspot\src\share\vm\classfile\systemDictionary.cpp, line 210]
Event: 14.215 Thread 0x0000000017f42800 Exception <a 'java/lang/ClassNotFoundException': org/springframework/transaction/annotation/AbstractTransactionManagementConfigurationCustomizer> (0x00000000ec51af18) thrown at [C:\re\workspace\8-2-build-windows-amd64-cygwin\jdk8u211\12973\hotspot\src\sha
Event: 14.216 Thread 0x0000000017f42800 Exception <a 'java/lang/ClassNotFoundException': org/springframework/transaction/annotation/ProxyTransactionManagementConfigurationCustomizer> (0x00000000ec546c78) thrown at [C:\re\workspace\8-2-build-windows-amd64-cygwin\jdk8u211\12973\hotspot\src\share\
Event: 14.217 Thread 0x0000000017f42800 Exception <a 'java/lang/ClassNotFoundException': org/springframework/context/annotation/ImportAwareCustomizer> (0x00000000ec569700) thrown at [C:\re\workspace\8-2-build-windows-amd64-cygwin\jdk8u211\12973\hotspot\src\share\vm\classfile\systemDictionary.cp
Event: 14.218 Thread 0x0000000017f42800 Exception <a 'java/lang/ClassNotFoundException': org/springframework/beans/factory/AwareCustomizer> (0x00000000ec584920) thrown at [C:\re\workspace\8-2-build-windows-amd64-cygwin\jdk8u211\12973\hotspot\src\share\vm\classfile\systemDictionary.cpp, line 210
Event: 14.768 Thread 0x0000000017f42800 Implicit null exception at 0x0000000003837a83 to 0x0000000003837bfd
Event: 14.783 Thread 0x0000000017f42800 Implicit null exception at 0x0000000003289cd2 to 0x000000000328b4bd
Event: 14.783 Thread 0x0000000017f42800 Implicit null exception at 0x00000000036bf9c4 to 0x00000000036bfb15
Event: 14.783 Thread 0x0000000017f42800 Implicit null exception at 0x000000000366bfd4 to 0x000000000366c06d
Event: 14.907 Thread 0x0000000017f42800 Exception <a 'java/lang/NoSuchMethodError': java.lang.Object.lambda$and$0(Ljava/util/function/Predicate;Ljava/lang/Object;)Z> (0x00000000edac9808) thrown at [C:\re\workspace\8-2-build-windows-amd64-cygwin\jdk8u211\12973\hotspot\src\share\vm\interpreter\li

Events (10 events):
Event: 16.495 loading class org/apache/catalina/mbeans/MBeanUtils
Event: 16.495 loading class org/apache/catalina/mbeans/MBeanUtils done
Event: 16.496 loading class org/apache/tomcat/util/threads/InlineExecutorService
Event: 16.496 loading class org/apache/tomcat/util/threads/InlineExecutorService done
Event: 16.497 loading class org/apache/catalina/Executor
Event: 16.497 loading class org/apache/catalina/Executor done
Event: 16.497 loading class org/apache/catalina/connector/CoyoteAdapter
Event: 16.497 loading class org/apache/catalina/connector/CoyoteAdapter done
Event: 16.499 loading class javax/servlet/SessionTrackingMode
Event: 16.499 loading class javax/servlet/SessionTrackingMode done


Dynamic libraries:
0x00007ff647e30000 - 0x00007ff647e67000 	C:\Program Files\Java\jdk1.8.0_211\bin\java.exe
0x00007ff935de0000 - 0x00007ff935fd0000 	C:\WINDOWS\SYSTEM32\ntdll.dll
0x00007ff933e90000 - 0x00007ff933f42000 	C:\WINDOWS\System32\KERNEL32.DLL
0x00007ff933810000 - 0x00007ff933ab3000 	C:\WINDOWS\System32\KERNELBASE.dll
0x00007ff934660000 - 0x00007ff934703000 	C:\WINDOWS\System32\ADVAPI32.dll
0x00007ff934c30000 - 0x00007ff934cce000 	C:\WINDOWS\System32\msvcrt.dll
0x00007ff934db0000 - 0x00007ff934e47000 	C:\WINDOWS\System32\sechost.dll
0x00007ff9355b0000 - 0x00007ff9356d0000 	C:\WINDOWS\System32\RPCRT4.dll
0x00007ff9340d0000 - 0x00007ff934264000 	C:\WINDOWS\System32\USER32.dll
0x00007ff933ac0000 - 0x00007ff933ae1000 	C:\WINDOWS\System32\win32u.dll
0x00007ff935b80000 - 0x00007ff935ba6000 	C:\WINDOWS\System32\GDI32.dll
0x00007ff9334f0000 - 0x00007ff933684000 	C:\WINDOWS\System32\gdi32full.dll
0x00007ff933da0000 - 0x00007ff933e3e000 	C:\WINDOWS\System32\msvcp_win.dll
0x00007ff933af0000 - 0x00007ff933bea000 	C:\WINDOWS\System32\ucrtbase.dll
0x00007ff922e60000 - 0x00007ff9230e5000 	C:\WINDOWS\WinSxS\amd64_microsoft.windows.common-controls_6595b64144ccf1df_6.0.18362.535_none_e6c3b34713100821\COMCTL32.dll
0x00007ff935830000 - 0x00007ff935b66000 	C:\WINDOWS\System32\combase.dll
0x00007ff933790000 - 0x00007ff933810000 	C:\WINDOWS\System32\bcryptPrimitives.dll
0x00007ff935d70000 - 0x00007ff935d9e000 	C:\WINDOWS\System32\IMM32.DLL
0x0000000073b70000 - 0x0000000073c42000 	C:\Program Files\Java\jdk1.8.0_211\jre\bin\msvcr100.dll
0x0000000072ee0000 - 0x0000000073785000 	C:\Program Files\Java\jdk1.8.0_211\jre\bin\server\jvm.dll
0x00007ff935b70000 - 0x00007ff935b78000 	C:\WINDOWS\System32\PSAPI.DLL
0x00007ff92f600000 - 0x00007ff92f609000 	C:\WINDOWS\SYSTEM32\WSOCK32.dll
0x00007ff935cf0000 - 0x00007ff935d5f000 	C:\WINDOWS\System32\WS2_32.dll
0x00007ff930a90000 - 0x00007ff930ab4000 	C:\WINDOWS\SYSTEM32\WINMM.dll
0x00007ff9317d0000 - 0x00007ff9317da000 	C:\WINDOWS\SYSTEM32\VERSION.dll
0x00007ff930a60000 - 0x00007ff930a8d000 	C:\WINDOWS\SYSTEM32\WINMMBASE.dll
0x00007ff933e40000 - 0x00007ff933e8a000 	C:\WINDOWS\System32\cfgmgr32.dll
0x00007ff9317c0000 - 0x00007ff9317cf000 	C:\Program Files\Java\jdk1.8.0_211\jre\bin\verify.dll
0x00007ff925650000 - 0x00007ff925679000 	C:\Program Files\Java\jdk1.8.0_211\jre\bin\java.dll
0x00007ff925170000 - 0x00007ff925193000 	C:\Program Files\Java\jdk1.8.0_211\jre\bin\instrument.dll
0x00007ff92b600000 - 0x00007ff92b616000 	C:\Program Files\Java\jdk1.8.0_211\jre\bin\zip.dll
0x00007ff934ec0000 - 0x00007ff9355a5000 	C:\WINDOWS\System32\SHELL32.dll
0x00007ff934020000 - 0x00007ff9340c9000 	C:\WINDOWS\System32\shcore.dll
0x00007ff932d70000 - 0x00007ff9334ef000 	C:\WINDOWS\System32\windows.storage.dll
0x00007ff932ce0000 - 0x00007ff932cff000 	C:\WINDOWS\System32\profapi.dll
0x00007ff932d00000 - 0x00007ff932d4a000 	C:\WINDOWS\System32\powrprof.dll
0x00007ff932cb0000 - 0x00007ff932cc0000 	C:\WINDOWS\System32\UMPDC.dll
0x00007ff934600000 - 0x00007ff934652000 	C:\WINDOWS\System32\shlwapi.dll
0x00007ff932cc0000 - 0x00007ff932cd1000 	C:\WINDOWS\System32\kernel.appcore.dll
0x00007ff9336c0000 - 0x00007ff9336d7000 	C:\WINDOWS\System32\cryptsp.dll
0x00007ff9225e0000 - 0x00007ff9225fa000 	D:\Program Files\JetBrains\IntelliJ IDEA 2019.2.4\bin\breakgen64.dll
0x00007ff922890000 - 0x00007ff9228aa000 	C:\Program Files\Java\jdk1.8.0_211\jre\bin\net.dll
0x00007ff922060000 - 0x00007ff922236000 	C:\WINDOWS\SYSTEM32\urlmon.dll
0x00007ff922aa0000 - 0x00007ff922d46000 	C:\WINDOWS\SYSTEM32\iertutil.dll
0x00007ff932690000 - 0x00007ff93269c000 	C:\WINDOWS\SYSTEM32\CRYPTBASE.DLL
0x00007ff9324c0000 - 0x00007ff932527000 	C:\WINDOWS\system32\mswsock.dll
0x00007ff92d920000 - 0x00007ff92d92d000 	C:\Program Files\Java\jdk1.8.0_211\jre\bin\management.dll
0x00007ff922a60000 - 0x00007ff922a76000 	C:\WINDOWS\system32\napinsp.dll
0x00007ff91e9d0000 - 0x00007ff91e9ea000 	C:\WINDOWS\system32\pnrpnsp.dll
0x00007ff932210000 - 0x00007ff9322da000 	C:\WINDOWS\SYSTEM32\DNSAPI.dll
0x00007ff935d60000 - 0x00007ff935d68000 	C:\WINDOWS\System32\NSI.dll
0x00007ff9321d0000 - 0x00007ff93220a000 	C:\WINDOWS\SYSTEM32\IPHLPAPI.DLL
0x00007ff928970000 - 0x00007ff92897e000 	C:\WINDOWS\System32\winrnr.dll
0x00007ff92d620000 - 0x00007ff92d63c000 	C:\WINDOWS\system32\NLAapi.dll
0x00007ff91e9b0000 - 0x00007ff91e9c5000 	C:\WINDOWS\system32\wshbth.dll
0x00007ff926e40000 - 0x00007ff926e4a000 	C:\Windows\System32\rasadhlp.dll
0x00007ff927a60000 - 0x00007ff927ad7000 	C:\WINDOWS\System32\fwpuclnt.dll
0x00007ff933690000 - 0x00007ff9336b6000 	C:\WINDOWS\System32\bcrypt.dll
0x00007ff9224f0000 - 0x00007ff922502000 	C:\Program Files\Java\jdk1.8.0_211\jre\bin\nio.dll
0x00007ff932030000 - 0x00007ff932063000 	C:\WINDOWS\system32\rsaenh.dll
0x00007ff932bd0000 - 0x00007ff932bf5000 	C:\WINDOWS\SYSTEM32\USERENV.dll
0x00007ff9278c0000 - 0x00007ff9278d6000 	C:\WINDOWS\SYSTEM32\dhcpcsvc6.DLL
0x00007ff927360000 - 0x00007ff92737c000 	C:\WINDOWS\SYSTEM32\dhcpcsvc.DLL

VM Arguments:
jvm_args: -javaagent:D:\Program Files\JetBrains\IntelliJ IDEA 2019.2.4\lib\idea_rt.jar=52763:D:\Program Files\JetBrains\IntelliJ IDEA 2019.2.4\bin -Dfile.encoding=UTF-8 
java_command: com.aixl.m.Main
java_class_path (initial): C:\Program Files\Java\jdk1.8.0_211\jre\lib\charsets.jar;C:\Program Files\Java\jdk1.8.0_211\jre\lib\deploy.jar;C:\Program Files\Java\jdk1.8.0_211\jre\lib\ext\access-bridge-64.jar;C:\Program Files\Java\jdk1.8.0_211\jre\lib\ext\cldrdata.jar;C:\Program Files\Java\jdk1.8.0_211\jre\lib\ext\dnsns.jar;C:\Program Files\Java\jdk1.8.0_211\jre\lib\ext\jaccess.jar;C:\Program Files\Java\jdk1.8.0_211\jre\lib\ext\jfxrt.jar;C:\Program Files\Java\jdk1.8.0_211\jre\lib\ext\localedata.jar;C:\Program Files\Java\jdk1.8.0_211\jre\lib\ext\nashorn.jar;C:\Program Files\Java\jdk1.8.0_211\jre\lib\ext\sunec.jar;C:\Program Files\Java\jdk1.8.0_211\jre\lib\ext\sunjce_provider.jar;C:\Program Files\Java\jdk1.8.0_211\jre\lib\ext\sunmscapi.jar;C:\Program Files\Java\jdk1.8.0_211\jre\lib\ext\sunpkcs11.jar;C:\Program Files\Java\jdk1.8.0_211\jre\lib\ext\zipfs.jar;C:\Program Files\Java\jdk1.8.0_211\jre\lib\javaws.jar;C:\Program Files\Java\jdk1.8.0_211\jre\lib\jce.jar;C:\Program Files\Java\jdk1.8.0_211\jre\lib\jfr.jar;C:\Program Files\Java\jdk1.8.0_211\jre\lib\jfxswt.jar;C:\Program Files\Java\jdk1.8.0_211\jre\lib\jsse.jar;C:\Program Files\Java\jdk1.8.0_211\jre\lib\management-agent.jar;C:\Program Files\Java\jdk1.8.0_211\jre\lib\plugin.jar;C:\Program Files\Java\jdk1.8.0_211\jre\lib\resources.jar;C:\Program Files\Java\jdk1.8.0_211\jre\lib\rt.jar;D:\AixlProject\Aixl\target\classes;D:\maven\repository\org\springframework\boot\spring-boot-starter-data-jdbc\2.2.2.RELEASE\spring-boot-starter-data-jdbc-2.2.2.RELEASE.jar;D:\maven\repository\org\springframework\data\spring-data-jdbc\1.1.3.RELEASE\spring-data-jdbc-1.1.3.RELEASE.jar;D:\maven\repository\org\springframework\data\spring-data-relational\1.1.3.RELEASE\spring-data-relational-1.1.3.RELEASE.jar;D:\maven\repository\org\springframework\data\spring-data-commons\2.2.3.RELEASE\spring-data-commons-2.2.3.RELEASE.jar;D:\maven\repository\org\springframework\spring-context\5.2.2.RELEASE\spring-context-5.2.2.RELEASE.jar;D:\maven\repository\org\
Launcher Type: SUN_STANDARD

Environment Variables:
PATH=C:\Program Files (x86)\Common Files\Oracle\Java\javapath;C:\Windows\System32;C:\Windows;C:\Windows\System32\wbem;C:\Windows\System32\WindowsPowerShell\v1.0\;C:\Windows\System32\OpenSSH\;D:\Program Files (x86)\Subversion\bin;D:\Program Files\TortoiseSVN\bin;D:\Program Files\VisualSVN Server\bin;D:\Program Files (x86)\Subversion\bin;D:\Program Files\php-7.4.0-nts-Win32-vc15-x64;D:\Program Files\Git\cmd;C:\Program Files\MySQL\MySQL Shell 8.0\bin\;C:\Users\h\AppData\Local\Microsoft\WindowsApps;
USERNAME=Bow
OS=Windows_NT
PROCESSOR_IDENTIFIER=Intel64 Family 6 Model 158 Stepping 9, GenuineIntel



---------------  S Y S T E M  ---------------

OS: Windows 10.0 , 64 bit Build 18362 (10.0.18362.329)

CPU:total 4 (initial active 4) (2 cores per cpu, 2 threads per core) family 6 model 158 stepping 9, cmov, cx8, fxsr, mmx, sse, sse2, sse3, ssse3, sse4.1, sse4.2, popcnt, aes, clmul, erms, 3dnowpref, lzcnt, ht, tsc, tscinvbit

Memory: 4k page, physical 4054852k(147424k free), swap 10506596k(4324k free)

vm_info: Java HotSpot(TM) 64-Bit Server VM (25.211-b12) for windows-amd64 JRE (1.8.0_211-b12), built on Apr  1 2019 20:53:26 by "java_re" with MS VC++ 10.0 (VS2010)

time: Fri Dec 27 16:45:10 2019
timezone: 中国标准时间
elapsed time: 16 seconds (0d 0h 0m 16s)

