#
# There is insufficient memory for the Java Runtime Environment to continue.
# Native memory allocation (malloc) failed to allocate 32744 bytes for ChunkPool::allocate
# Possible reasons:
#   The system is out of physical RAM or swap space
#   The process is running with CompressedOops enabled, and the Java Heap may be blocking the growth of the native heap
# Possible solutions:
#   Reduce memory load on the system
#   Increase physical memory or swap space
#   Check if swap backing store is full
#   Decrease Java heap size (-Xmx/-Xms)
#   Decrease number of Java threads
#   Decrease Java thread stack sizes (-Xss)
#   Set larger code cache with -XX:ReservedCodeCacheSize=
#   JVM is running with Unscaled Compressed Oops mode in which the Java heap is
#     placed in the first 4GB address space. The Java Heap base address is the
#     maximum limit for the native heap growth. Please use -XX:HeapBaseMinAddress
#     to set the Java Heap base and to place the Java Heap above 4GB virtual address.
# This output file may be truncated or incomplete.
#
#  Out of Memory Error (allocation.cpp:272), pid=90180, tid=0x0000000000012f28
#
# JRE version: Java(TM) SE Runtime Environment (8.0_211-b12) (build 1.8.0_211-b12)
# Java VM: Java HotSpot(TM) 64-Bit Server VM (25.211-b12 mixed mode windows-amd64 compressed oops)
# Failed to write core dump. Minidumps are not enabled by default on client versions of Windows
#

---------------  T H R E A D  ---------------

Current thread (0x0000000017c4b800):  JavaThread "restartedMain" [_thread_in_vm, id=77608, stack(0x0000000019410000,0x0000000019510000)]

Stack: [0x0000000019410000,0x0000000019510000]
[error occurred during error reporting (printing stack bounds), id 0xc0000005]

Native frames: (J=compiled Java code, j=interpreted, Vv=VM code, C=native code)

Java frames: (J=compiled Java code, j=interpreted, Vv=VM code)
J 801  java.lang.ClassLoader.defineClass1(Ljava/lang/String;[BIILjava/security/ProtectionDomain;Ljava/lang/String;)Ljava/lang/Class; (0 bytes) @ 0x000000000398b99f [0x000000000398b900+0x9f]
J 856 C1 java.lang.ClassLoader.defineClass(Ljava/lang/String;[BIILjava/security/ProtectionDomain;)Ljava/lang/Class; (43 bytes) @ 0x00000000039c3124 [0x00000000039c2b40+0x5e4]
J 658 C1 java.net.URLClassLoader.defineClass(Ljava/lang/String;Lsun/misc/Resource;)Ljava/lang/Class; (142 bytes) @ 0x0000000003934c64 [0x0000000003933100+0x1b64]
J 1978 C1 java.net.URLClassLoader$1.run()Ljava/lang/Class; (63 bytes) @ 0x0000000003d22094 [0x0000000003d21de0+0x2b4]
J 1977 C1 java.net.URLClassLoader$1.run()Ljava/lang/Object; (5 bytes) @ 0x0000000003d22b3c [0x0000000003d22ac0+0x7c]
v  ~StubRoutines::call_stub
J 190  java.security.AccessController.doPrivileged(Ljava/security/PrivilegedExceptionAction;Ljava/security/AccessControlContext;)Ljava/lang/Object; (0 bytes) @ 0x00000000037ec1a6 [0x00000000037ec140+0x66]
J 1554 C2 java.lang.ClassLoader.loadClass(Ljava/lang/String;Z)Ljava/lang/Class; (122 bytes) @ 0x0000000003b9d158 [0x0000000003b9c660+0xaf8]
J 2992 C2 sun.misc.Launcher$AppClassLoader.loadClass(Ljava/lang/String;Z)Ljava/lang/Class; (85 bytes) @ 0x0000000003885c28 [0x0000000003885aa0+0x188]
J 2512 C2 java.lang.ClassLoader.loadClass(Ljava/lang/String;)Ljava/lang/Class; (7 bytes) @ 0x0000000003e21e40 [0x0000000003e21e00+0x40]
v  ~StubRoutines::call_stub
J 801  java.lang.ClassLoader.defineClass1(Ljava/lang/String;[BIILjava/security/ProtectionDomain;Ljava/lang/String;)Ljava/lang/Class; (0 bytes) @ 0x000000000398b99f [0x000000000398b900+0x9f]
J 856 C1 java.lang.ClassLoader.defineClass(Ljava/lang/String;[BIILjava/security/ProtectionDomain;)Ljava/lang/Class; (43 bytes) @ 0x00000000039c3124 [0x00000000039c2b40+0x5e4]
J 658 C1 java.net.URLClassLoader.defineClass(Ljava/lang/String;Lsun/misc/Resource;)Ljava/lang/Class; (142 bytes) @ 0x0000000003934c64 [0x0000000003933100+0x1b64]
J 1978 C1 java.net.URLClassLoader$1.run()Ljava/lang/Class; (63 bytes) @ 0x0000000003d22094 [0x0000000003d21de0+0x2b4]
J 1977 C1 java.net.URLClassLoader$1.run()Ljava/lang/Object; (5 bytes) @ 0x0000000003d22b3c [0x0000000003d22ac0+0x7c]
v  ~StubRoutines::call_stub
J 190  java.security.AccessController.doPrivileged(Ljava/security/PrivilegedExceptionAction;Ljava/security/AccessControlContext;)Ljava/lang/Object; (0 bytes) @ 0x00000000037ec1a6 [0x00000000037ec140+0x66]
J 1554 C2 java.lang.ClassLoader.loadClass(Ljava/lang/String;Z)Ljava/lang/Class; (122 bytes) @ 0x0000000003b9d158 [0x0000000003b9c660+0xaf8]
J 2992 C2 sun.misc.Launcher$AppClassLoader.loadClass(Ljava/lang/String;Z)Ljava/lang/Class; (85 bytes) @ 0x0000000003885c28 [0x0000000003885aa0+0x188]
J 2512 C2 java.lang.ClassLoader.loadClass(Ljava/lang/String;)Ljava/lang/Class; (7 bytes) @ 0x0000000003e21e40 [0x0000000003e21e00+0x40]
v  ~StubRoutines::call_stub
J 2662  java.lang.Class.getDeclaredMethods0(Z)[Ljava/lang/reflect/Method; (0 bytes) @ 0x0000000003f45ffb [0x0000000003f45fc0+0x3b]
J 1498 C1 java.lang.Class.privateGetDeclaredMethods(Z)[Ljava/lang/reflect/Method; (67 bytes) @ 0x0000000003b605dc [0x0000000003b602c0+0x31c]
J 3089 C1 org.springframework.util.ReflectionUtils.getDeclaredMethods(Ljava/lang/Class;Z)[Ljava/lang/reflect/Method; (209 bytes) @ 0x0000000003861c1c [0x00000000038618a0+0x37c]
J 3181 C1 org.springframework.util.ReflectionUtils.doWithLocalMethods(Ljava/lang/Class;Lorg/springframework/util/ReflectionUtils$MethodCallback;)V (89 bytes) @ 0x00000000040860a4 [0x0000000004086040+0x64]
j  org.springframework.beans.factory.annotation.InitDestroyAnnotationBeanPostProcessor.buildLifecycleMetadata(Ljava/lang/Class;)Lorg/springframework/beans/factory/annotation/InitDestroyAnnotationBeanPostProcessor$LifecycleMetadata;+83
j  org.springframework.beans.factory.annotation.InitDestroyAnnotationBeanPostProcessor.findLifecycleMetadata(Ljava/lang/Class;)Lorg/springframework/beans/factory/annotation/InitDestroyAnnotationBeanPostProcessor$LifecycleMetadata;+58
j  org.springframework.beans.factory.annotation.InitDestroyAnnotationBeanPostProcessor.postProcessMergedBeanDefinition(Lorg/springframework/beans/factory/support/RootBeanDefinition;Ljava/lang/Class;Ljava/lang/String;)V+2
j  org.springframework.context.annotation.CommonAnnotationBeanPostProcessor.postProcessMergedBeanDefinition(Lorg/springframework/beans/factory/support/RootBeanDefinition;Ljava/lang/Class;Ljava/lang/String;)V+4
j  org.springframework.beans.factory.support.AbstractAutowireCapableBeanFactory.applyMergedBeanDefinitionPostProcessors(Lorg/springframework/beans/factory/support/RootBeanDefinition;Ljava/lang/Class;Ljava/lang/String;)V+53
j  org.springframework.beans.factory.support.AbstractAutowireCapableBeanFactory.doCreateBean(Ljava/lang/String;Lorg/springframework/beans/factory/support/RootBeanDefinition;[Ljava/lang/Object;)Ljava/lang/Object;+90
j  org.springframework.beans.factory.support.AbstractAutowireCapableBeanFactory.createBean(Ljava/lang/String;Lorg/springframework/beans/factory/support/RootBeanDefinition;[Ljava/lang/Object;)Ljava/lang/Object;+169
j  org.springframework.beans.factory.support.AbstractBeanFactory.lambda$doGetBean$0(Ljava/lang/String;Lorg/springframework/beans/factory/support/RootBeanDefinition;[Ljava/lang/Object;)Ljava/lang/Object;+4
j  org.springframework.beans.factory.support.AbstractBeanFactory$$Lambda$152.getObject()Ljava/lang/Object;+16
j  org.springframework.beans.factory.support.DefaultSingletonBeanRegistry.getSingleton(Ljava/lang/String;Lorg/springframework/beans/factory/ObjectFactory;)Ljava/lang/Object;+132
J 2451 C1 org.springframework.beans.factory.support.AbstractBeanFactory.doGetBean(Ljava/lang/String;Ljava/lang/Class;[Ljava/lang/Object;Z)Ljava/lang/Object; (833 bytes) @ 0x0000000003ea0a94 [0x0000000003e9ed40+0x1d54]
j  org.springframework.beans.factory.support.AbstractBeanFactory.getBean(Ljava/lang/String;)Ljava/lang/Object;+5
j  org.springframework.beans.factory.config.DependencyDescriptor.resolveCandidate(Ljava/lang/String;Ljava/lang/Class;Lorg/springframework/beans/factory/BeanFactory;)Ljava/lang/Object;+2
j  org.springframework.beans.factory.support.DefaultListableBeanFactory.addCandidateEntry(Ljava/util/Map;Ljava/lang/String;Lorg/springframework/beans/factory/config/DependencyDescriptor;Ljava/lang/Class;)V+12
j  org.springframework.beans.factory.support.DefaultListableBeanFactory.findAutowireCandidates(Ljava/lang/String;Ljava/lang/Class;Lorg/springframework/beans/factory/config/DependencyDescriptor;)Ljava/util/Map;+183
j  org.springframework.beans.factory.support.DefaultListableBeanFactory.resolveMultipleBeans(Lorg/springframework/beans/factory/config/DependencyDescriptor;Ljava/lang/String;Ljava/util/Set;Lorg/springframework/beans/TypeConverter;)Ljava/lang/Object;+510
j  org.springframework.beans.factory.support.DefaultListableBeanFactory.doResolveDependency(Lorg/springframework/beans/factory/config/DependencyDescriptor;Ljava/lang/String;Ljava/util/Set;Lorg/springframework/beans/TypeConverter;)Ljava/lang/Object;+207
j  org.springframework.beans.factory.support.DefaultListableBeanFactory.resolveDependency(Lorg/springframework/beans/factory/config/DependencyDescriptor;Ljava/lang/String;Ljava/util/Set;Lorg/springframework/beans/TypeConverter;)Ljava/lang/Object;+108
j  org.springframework.beans.factory.support.ConstructorResolver.resolveAutowiredArgument(Lorg/springframework/core/MethodParameter;Ljava/lang/String;Ljava/util/Set;Lorg/springframework/beans/TypeConverter;Z)Ljava/lang/Object;+79
j  org.springframework.beans.factory.support.ConstructorResolver.createArgumentArray(Ljava/lang/String;Lorg/springframework/beans/factory/support/RootBeanDefinition;Lorg/springframework/beans/factory/config/ConstructorArgumentValues;Lorg/springframework/beans/BeanWrapper;[Ljava/lang/Class;[Ljava/lang/String;Ljava/lang/reflect/Executable;ZZ)Lorg/springframework/beans/factory/support/ConstructorResolver$ArgumentsHolder;+434
j  org.springframework.beans.factory.support.ConstructorResolver.autowireConstructor(Ljava/lang/String;Lorg/springframework/beans/factory/support/RootBeanDefinition;[Ljava/lang/reflect/Constructor;[Ljava/lang/Object;)Lorg/springframework/beans/BeanWrapper;+546
j  org.springframework.beans.factory.support.AbstractAutowireCapableBeanFactory.autowireConstructor(Ljava/lang/String;Lorg/springframework/beans/factory/support/RootBeanDefinition;[Ljava/lang/reflect/Constructor;[Ljava/lang/Object;)Lorg/springframework/beans/BeanWrapper;+13
j  org.springframework.beans.factory.support.AbstractAutowireCapableBeanFactory.createBeanInstance(Ljava/lang/String;Lorg/springframework/beans/factory/support/RootBeanDefinition;[Ljava/lang/Object;)Lorg/springframework/beans/BeanWrapper;+221
j  org.springframework.beans.factory.support.AbstractAutowireCapableBeanFactory.doCreateBean(Ljava/lang/String;Lorg/springframework/beans/factory/support/RootBeanDefinition;[Ljava/lang/Object;)Ljava/lang/Object;+34
j  org.springframework.beans.factory.support.AbstractAutowireCapableBeanFactory.createBean(Ljava/lang/String;Lorg/springframework/beans/factory/support/RootBeanDefinition;[Ljava/lang/Object;)Ljava/lang/Object;+169
j  org.springframework.beans.factory.support.AbstractBeanFactory.lambda$doGetBean$0(Ljava/lang/String;Lorg/springframework/beans/factory/support/RootBeanDefinition;[Ljava/lang/Object;)Ljava/lang/Object;+4
j  org.springframework.beans.factory.support.AbstractBeanFactory$$Lambda$152.getObject()Ljava/lang/Object;+16
j  org.springframework.beans.factory.support.DefaultSingletonBeanRegistry.getSingleton(Ljava/lang/String;Lorg/springframework/beans/factory/ObjectFactory;)Ljava/lang/Object;+132
J 2451 C1 org.springframework.beans.factory.support.AbstractBeanFactory.doGetBean(Ljava/lang/String;Ljava/lang/Class;[Ljava/lang/Object;Z)Ljava/lang/Object; (833 bytes) @ 0x0000000003ea0a94 [0x0000000003e9ed40+0x1d54]
j  org.springframework.beans.factory.support.AbstractBeanFactory.getBean(Ljava/lang/String;)Ljava/lang/Object;+5
j  org.springframework.beans.factory.support.ConstructorResolver.instantiateUsingFactoryMethod(Ljava/lang/String;Lorg/springframework/beans/factory/support/RootBeanDefinition;[Ljava/lang/Object;)Lorg/springframework/beans/BeanWrapper;+59
j  org.springframework.beans.factory.support.AbstractAutowireCapableBeanFactory.instantiateUsingFactoryMethod(Ljava/lang/String;Lorg/springframework/beans/factory/support/RootBeanDefinition;[Ljava/lang/Object;)Lorg/springframework/beans/BeanWrapper;+11
j  org.springframework.beans.factory.support.AbstractAutowireCapableBeanFactory.createBeanInstance(Ljava/lang/String;Lorg/springframework/beans/factory/support/RootBeanDefinition;[Ljava/lang/Object;)Lorg/springframework/beans/BeanWrapper;+101
j  org.springframework.beans.factory.support.AbstractAutowireCapableBeanFactory.doCreateBean(Ljava/lang/String;Lorg/springframework/beans/factory/support/RootBeanDefinition;[Ljava/lang/Object;)Ljava/lang/Object;+34
j  org.springframework.beans.factory.support.AbstractAutowireCapableBeanFactory.createBean(Ljava/lang/String;Lorg/springframework/beans/factory/support/RootBeanDefinition;[Ljava/lang/Object;)Ljava/lang/Object;+169
j  org.springframework.beans.factory.support.AbstractBeanFactory.lambda$doGetBean$0(Ljava/lang/String;Lorg/springframework/beans/factory/support/RootBeanDefinition;[Ljava/lang/Object;)Ljava/lang/Object;+4
j  org.springframework.beans.factory.support.AbstractBeanFactory$$Lambda$152.getObject()Ljava/lang/Object;+16
j  org.springframework.beans.factory.support.DefaultSingletonBeanRegistry.getSingleton(Ljava/lang/String;Lorg/springframework/beans/factory/ObjectFactory;)Ljava/lang/Object;+132
J 2451 C1 org.springframework.beans.factory.support.AbstractBeanFactory.doGetBean(Ljava/lang/String;Ljava/lang/Class;[Ljava/lang/Object;Z)Ljava/lang/Object; (833 bytes) @ 0x0000000003ea0a94 [0x0000000003e9ed40+0x1d54]
j  org.springframework.beans.factory.support.AbstractBeanFactory.getBean(Ljava/lang/String;)Ljava/lang/Object;+5
j  org.springframework.beans.factory.support.DefaultListableBeanFactory.getBeansOfType(Ljava/lang/Class;ZZ)Ljava/util/Map;+50
j  org.springframework.beans.factory.support.DefaultListableBeanFactory.getBeansOfType(Ljava/lang/Class;)Ljava/util/Map;+4
j  org.springframework.context.support.AbstractApplicationContext.getBeansOfType(Ljava/lang/Class;)Ljava/util/Map;+9
j  org.springframework.boot.actuate.autoconfigure.health.HealthEndpointConfiguration$AdaptedReactiveHealthContributors.<init>(Lorg/springframework/context/ApplicationContext;)V+15
j  org.springframework.boot.actuate.autoconfigure.health.HealthEndpointConfiguration.healthContributorRegistry(Lorg/springframework/context/ApplicationContext;Lorg/springframework/boot/actuate/health/HealthEndpointGroups;)Lorg/springframework/boot/actuate/health/HealthContributorRegistry;+36
v  ~StubRoutines::call_stub
J 2225  sun.reflect.NativeMethodAccessorImpl.invoke0(Ljava/lang/reflect/Method;Ljava/lang/Object;[Ljava/lang/Object;)Ljava/lang/Object; (0 bytes) @ 0x0000000003ddf97f [0x0000000003ddf900+0x7f]
J 1922 C1 sun.reflect.NativeMethodAccessorImpl.invoke(Ljava/lang/Object;[Ljava/lang/Object;)Ljava/lang/Object; (104 bytes) @ 0x0000000003cfc724 [0x0000000003cfb580+0x11a4]
J 1894 C1 sun.reflect.DelegatingMethodAccessorImpl.invoke(Ljava/lang/Object;[Ljava/lang/Object;)Ljava/lang/Object; (10 bytes) @ 0x0000000003cccb84 [0x0000000003ccca80+0x104]
J 2034 C1 java.lang.reflect.Method.invoke(Ljava/lang/Object;[Ljava/lang/Object;)Ljava/lang/Object; (62 bytes) @ 0x0000000003d6412c [0x0000000003d63d40+0x3ec]
j  org.springframework.beans.factory.support.SimpleInstantiationStrategy.instantiate(Lorg/springframework/beans/factory/support/RootBeanDefinition;Ljava/lang/String;Lorg/springframework/beans/factory/BeanFactory;Ljava/lang/Object;Ljava/lang/reflect/Method;[Ljava/lang/Object;)Ljava/lang/Object;+50
j  org.springframework.beans.factory.support.ConstructorResolver.instantiate(Ljava/lang/String;Lorg/springframework/beans/factory/support/RootBeanDefinition;Ljava/lang/Object;Ljava/lang/reflect/Method;[Ljava/lang/Object;)Ljava/lang/Object;+48
j  org.springframework.beans.factory.support.ConstructorResolver.instantiateUsingFactoryMethod(Ljava/lang/String;Lorg/springframework/beans/factory/support/RootBeanDefinition;[Ljava/lang/Object;)Lorg/springframework/beans/BeanWrapper;+1519
j  org.springframework.beans.factory.support.AbstractAutowireCapableBeanFactory.instantiateUsingFactoryMethod(Ljava/lang/String;Lorg/springframework/beans/factory/support/RootBeanDefinition;[Ljava/lang/Object;)Lorg/springframework/beans/BeanWrapper;+11
j  org.springframework.beans.factory.support.AbstractAutowireCapableBeanFactory.createBeanInstance(Ljava/lang/String;Lorg/springframework/beans/factory/support/RootBeanDefinition;[Ljava/lang/Object;)Lorg/springframework/beans/BeanWrapper;+101
j  org.springframework.beans.factory.support.AbstractAutowireCapableBeanFactory.doCreateBean(Ljava/lang/String;Lorg/springframework/beans/factory/support/RootBeanDefinition;[Ljava/lang/Object;)Ljava/lang/Object;+34
j  org.springframework.beans.factory.support.AbstractAutowireCapableBeanFactory.createBean(Ljava/lang/String;Lorg/springframework/beans/factory/support/RootBeanDefinition;[Ljava/lang/Object;)Ljava/lang/Object;+169
j  org.springframework.beans.factory.support.AbstractBeanFactory.lambda$doGetBean$0(Ljava/lang/String;Lorg/springframework/beans/factory/support/RootBeanDefinition;[Ljava/lang/Object;)Ljava/lang/Object;+4
j  org.springframework.beans.factory.support.AbstractBeanFactory$$Lambda$152.getObject()Ljava/lang/Object;+16
j  org.springframework.beans.factory.support.DefaultSingletonBeanRegistry.getSingleton(Ljava/lang/String;Lorg/springframework/beans/factory/ObjectFactory;)Ljava/lang/Object;+132
J 2451 C1 org.springframework.beans.factory.support.AbstractBeanFactory.doGetBean(Ljava/lang/String;Ljava/lang/Class;[Ljava/lang/Object;Z)Ljava/lang/Object; (833 bytes) @ 0x0000000003ea0a94 [0x0000000003e9ed40+0x1d54]
j  org.springframework.beans.factory.support.AbstractBeanFactory.getBean(Ljava/lang/String;)Ljava/lang/Object;+5
j  org.springframework.beans.factory.config.DependencyDescriptor.resolveCandidate(Ljava/lang/String;Ljava/lang/Class;Lorg/springframework/beans/factory/BeanFactory;)Ljava/lang/Object;+2
j  org.springframework.beans.factory.support.DefaultListableBeanFactory.doResolveDependency(Lorg/springframework/beans/factory/config/DependencyDescriptor;Ljava/lang/String;Ljava/util/Set;Lorg/springframework/beans/TypeConverter;)Ljava/lang/Object;+440
j  org.springframework.beans.factory.support.DefaultListableBeanFactory.resolveDependency(Lorg/springframework/beans/factory/config/DependencyDescriptor;Ljava/lang/String;Ljava/util/Set;Lorg/springframework/beans/TypeConverter;)Ljava/lang/Object;+108
j  org.springframework.beans.factory.support.ConstructorResolver.resolveAutowiredArgument(Lorg/springframework/core/MethodParameter;Ljava/lang/String;Ljava/util/Set;Lorg/springframework/beans/TypeConverter;Z)Ljava/lang/Object;+79
j  org.springframework.beans.factory.support.ConstructorResolver.createArgumentArray(Ljava/lang/String;Lorg/springframework/beans/factory/support/RootBeanDefinition;Lorg/springframework/beans/factory/config/ConstructorArgumentValues;Lorg/springframework/beans/BeanWrapper;[Ljava/lang/Class;[Ljava/lang/String;Ljava/lang/reflect/Executable;ZZ)Lorg/springframework/beans/factory/support/ConstructorResolver$ArgumentsHolder;+434
j  org.springframework.beans.factory.support.ConstructorResolver.instantiateUsingFactoryMethod(Ljava/lang/String;Lorg/springframework/beans/factory/support/RootBeanDefinition;[Ljava/lang/Object;)Lorg/springframework/beans/BeanWrapper;+727
j  org.springframework.beans.factory.support.AbstractAutowireCapableBeanFactory.instantiateUsingFactoryMethod(Ljava/lang/String;Lorg/springframework/beans/factory/support/RootBeanDefinition;[Ljava/lang/Object;)Lorg/springframework/beans/BeanWrapper;+11
j  org.springframework.beans.factory.support.AbstractAutowireCapableBeanFactory.createBeanInstance(Ljava/lang/String;Lorg/springframework/beans/factory/support/RootBeanDefinition;[Ljava/lang/Object;)Lorg/springframework/beans/BeanWrapper;+101
j  org.springframework.beans.factory.support.AbstractAutowireCapableBeanFactory.doCreateBean(Ljava/lang/String;Lorg/springframework/beans/factory/support/RootBeanDefinition;[Ljava/lang/Object;)Ljava/lang/Object;+34
j  org.springframework.beans.factory.support.AbstractAutowireCapableBeanFactory.createBean(Ljava/lang/String;Lorg/springframework/beans/factory/support/RootBeanDefinition;[Ljava/lang/Object;)Ljava/lang/Object;+169
j  org.springframework.beans.factory.support.AbstractBeanFactory.lambda$doGetBean$0(Ljava/lang/String;Lorg/springframework/beans/factory/support/RootBeanDefinition;[Ljava/lang/Object;)Ljava/lang/Object;+4
j  org.springframework.beans.factory.support.AbstractBeanFactory$$Lambda$152.getObject()Ljava/lang/Object;+16
j  org.springframework.beans.factory.support.DefaultSingletonBeanRegistry.getSingleton(Ljava/lang/String;Lorg/springframework/beans/factory/ObjectFactory;)Ljava/lang/Object;+132
J 2451 C1 org.springframework.beans.factory.support.AbstractBeanFactory.doGetBean(Ljava/lang/String;Ljava/lang/Class;[Ljava/lang/Object;Z)Ljava/lang/Object; (833 bytes) @ 0x0000000003ea0a94 [0x0000000003e9ed40+0x1d54]
j  org.springframework.beans.factory.support.AbstractBeanFactory.getBean(Ljava/lang/String;)Ljava/lang/Object;+5
j  org.springframework.context.support.AbstractApplicationContext.getBean(Ljava/lang/String;)Ljava/lang/Object;+9
j  org.springframework.boot.actuate.endpoint.annotation.EndpointDiscoverer.createEndpointBean(Ljava/lang/String;)Lorg/springframework/boot/actuate/endpoint/annotation/EndpointDiscoverer$EndpointBean;+5
j  org.springframework.boot.actuate.endpoint.annotation.EndpointDiscoverer.createEndpointBeans()Ljava/util/Collection;+51
j  org.springframework.boot.actuate.endpoint.annotation.EndpointDiscoverer.discoverEndpoints()Ljava/util/Collection;+1
j  org.springframework.boot.actuate.endpoint.annotation.EndpointDiscoverer.getEndpoints()Ljava/util/Collection;+9
j  org.springframework.boot.actuate.autoconfigure.endpoint.web.ServletEndpointManagementContextConfiguration$WebMvcServletEndpointManagementContextConfiguration.servletEndpointRegistrar(Lorg/springframework/boot/actuate/autoconfigure/endpoint/web/WebEndpointProperties;Lorg/springframework/boot/actuate/endpoint/web/annotation/ServletEndpointsSupplier;Lorg/springframework/boot/autoconfigure/web/servlet/DispatcherServletPath;)Lorg/springframework/boot/actuate/endpoint/web/ServletEndpointRegistrar;+15
v  ~StubRoutines::call_stub
J 2225  sun.reflect.NativeMethodAccessorImpl.invoke0(Ljava/lang/reflect/Method;Ljava/lang/Object;[Ljava/lang/Object;)Ljava/lang/Object; (0 bytes) @ 0x0000000003ddf97f [0x0000000003ddf900+0x7f]
J 1922 C1 sun.reflect.NativeMethodAccessorImpl.invoke(Ljava/lang/Object;[Ljava/lang/Object;)Ljava/lang/Object; (104 bytes) @ 0x0000000003cfc724 [0x0000000003cfb580+0x11a4]
J 1894 C1 sun.reflect.DelegatingMethodAccessorImpl.invoke(Ljava/lang/Object;[Ljava/lang/Object;)Ljava/lang/Object; (10 bytes) @ 0x0000000003cccb84 [0x0000000003ccca80+0x104]
J 2034 C1 java.lang.reflect.Method.invoke(Ljava/lang/Object;[Ljava/lang/Object;)Ljava/lang/Object; (62 bytes) @ 0x0000000003d6412c [0x0000000003d63d40+0x3ec]
j  org.springframework.beans.factory.support.SimpleInstantiationStrategy.instantiate(Lorg/springframework/beans/factory/support/RootBeanDefinition;Ljava/lang/String;Lorg/springframework/beans/factory/BeanFactory;Ljava/lang/Object;Ljava/lang/reflect/Method;[Ljava/lang/Object;)Ljava/lang/Object;+50
j  org.springframework.beans.factory.support.ConstructorResolver.instantiate(Ljava/lang/String;Lorg/springframework/beans/factory/support/RootBeanDefinition;Ljava/lang/Object;Ljava/lang/reflect/Method;[Ljava/lang/Object;)Ljava/lang/Object;+48
j  org.springframework.beans.factory.support.ConstructorResolver.instantiateUsingFactoryMethod(Ljava/lang/String;Lorg/springframework/beans/factory/support/RootBeanDefinition;[Ljava/lang/Object;)Lorg/springframework/beans/BeanWrapper;+1519
j  org.springframework.beans.factory.support.AbstractAutowireCapableBeanFactory.instantiateUsingFactoryMethod(Ljava/lang/String;Lorg/springframework/beans/factory/support/RootBeanDefinition;[Ljava/lang/Object;)Lorg/springframework/beans/BeanWrapper;+11
j  org.springframework.beans.factory.support.AbstractAutowireCapableBeanFactory.createBeanInstance(Ljava/lang/String;Lorg/springframework/beans/factory/support/RootBeanDefinition;[Ljava/lang/Object;)Lorg/springframework/beans/BeanWrapper;+101
j  org.springframework.beans.factory.support.AbstractAutowireCapableBeanFactory.doCreateBean(Ljava/lang/String;Lorg/springframework/beans/factory/support/RootBeanDefinition;[Ljava/lang/Object;)Ljava/lang/Object;+34
j  org.springframework.beans.factory.support.AbstractAutowireCapableBeanFactory.createBean(Ljava/lang/String;Lorg/springframework/beans/factory/support/RootBeanDefinition;[Ljava/lang/Object;)Ljava/lang/Object;+169
j  org.springframework.beans.factory.support.AbstractBeanFactory.lambda$doGetBean$0(Ljava/lang/String;Lorg/springframework/beans/factory/support/RootBeanDefinition;[Ljava/lang/Object;)Ljava/lang/Object;+4
j  org.springframework.beans.factory.support.AbstractBeanFactory$$Lambda$152.getObject()Ljava/lang/Object;+16
j  org.springframework.beans.factory.support.DefaultSingletonBeanRegistry.getSingleton(Ljava/lang/String;Lorg/springframework/beans/factory/ObjectFactory;)Ljava/lang/Object;+132
J 2451 C1 org.springframework.beans.factory.support.AbstractBeanFactory.doGetBean(Ljava/lang/String;Ljava/lang/Class;[Ljava/lang/Object;Z)Ljava/lang/Object; (833 bytes) @ 0x0000000003ea0a94 [0x0000000003e9ed40+0x1d54]
J 2647 C1 org.springframework.beans.factory.support.AbstractBeanFactory.getBean(Ljava/lang/String;Ljava/lang/Class;)Ljava/lang/Object; (9 bytes) @ 0x0000000003f30ec4 [0x0000000003f30dc0+0x104]
j  org.springframework.boot.web.servlet.ServletContextInitializerBeans.getOrderedBeansOfType(Lorg/springframework/beans/factory/ListableBeanFactory;Ljava/lang/Class;Ljava/util/Set;)Ljava/util/List;+69
j  org.springframework.boot.web.servlet.ServletContextInitializerBeans.getOrderedBeansOfType(Lorg/springframework/beans/factory/ListableBeanFactory;Ljava/lang/Class;)Ljava/util/List;+6
j  org.springframework.boot.web.servlet.ServletContextInitializerBeans.addServletContextInitializerBeans(Lorg/springframework/beans/factory/ListableBeanFactory;)V+32
j  org.springframework.boot.web.servlet.ServletContextInitializerBeans.<init>(Lorg/springframework/beans/factory/ListableBeanFactory;[Ljava/lang/Class;)V+49
j  org.springframework.boot.web.servlet.context.ServletWebServerApplicationContext.getServletContextInitializerBeans()Ljava/util/Collection;+12
j  org.springframework.boot.web.servlet.context.ServletWebServerApplicationContext.selfInitialize(Ljavax/servlet/ServletContext;)V+19
j  org.springframework.boot.web.servlet.context.ServletWebServerApplicationContext$$Lambda$435.onStartup(Ljavax/servlet/ServletContext;)V+5
j  org.springframework.boot.web.embedded.tomcat.TomcatStarter.onStartup(Ljava/util/Set;Ljavax/servlet/ServletContext;)V+28
j  org.apache.catalina.core.StandardContext.startInternal()V+1061
j  org.apache.catalina.util.LifecycleBase.start()V+210
j  org.apache.catalina.core.ContainerBase$StartChild.call()Ljava/lang/Void;+4
j  org.apache.catalina.core.ContainerBase$StartChild.call()Ljava/lang/Object;+1
j  java.util.concurrent.FutureTask.run()V+42
j  org.apache.tomcat.util.threads.InlineExecutorService.execute(Ljava/lang/Runnable;)V+38
j  java.util.concurrent.AbstractExecutorService.submit(Ljava/util/concurrent/Callable;)Ljava/util/concurrent/Future;+20
j  org.apache.catalina.core.ContainerBase.startInternal()V+93
j  org.apache.catalina.core.StandardHost.startInternal()V+153
j  org.apache.catalina.util.LifecycleBase.start()V+210
j  org.apache.catalina.core.ContainerBase$StartChild.call()Ljava/lang/Void;+4
j  org.apache.catalina.core.ContainerBase$StartChild.call()Ljava/lang/Object;+1
j  java.util.concurrent.FutureTask.run()V+42
j  org.apache.tomcat.util.threads.InlineExecutorService.execute(Ljava/lang/Runnable;)V+38
j  java.util.concurrent.AbstractExecutorService.submit(Ljava/util/concurrent/Callable;)Ljava/util/concurrent/Future;+20
j  org.apache.catalina.core.ContainerBase.startInternal()V+93
j  org.apache.catalina.core.StandardEngine.startInternal()V+38
j  org.apache.catalina.util.LifecycleBase.start()V+210
j  org.apache.catalina.core.StandardService.startInternal()V+63
j  org.apache.catalina.util.LifecycleBase.start()V+210
j  org.apache.catalina.core.StandardServer.startInternal()V+45
j  org.apache.catalina.util.LifecycleBase.start()V+210
j  org.apache.catalina.startup.Tomcat.start()V+9
j  org.springframework.boot.web.embedded.tomcat.TomcatWebServer.initialize()V+64
j  org.springframework.boot.web.embedded.tomcat.TomcatWebServer.<init>(Lorg/apache/catalina/startup/Tomcat;Z)V+43
j  org.springframework.boot.web.embedded.tomcat.TomcatServletWebServerFactory.getTomcatWebServer(Lorg/apache/catalina/startup/Tomcat;)Lorg/springframework/boot/web/embedded/tomcat/TomcatWebServer;+17
j  org.springframework.boot.web.embedded.tomcat.TomcatServletWebServerFactory.getWebServer([Lorg/springframework/boot/web/servlet/ServletContextInitializer;)Lorg/springframework/boot/web/server/WebServer;+165
j  org.springframework.boot.web.servlet.context.ServletWebServerApplicationContext.createWebServer()V+36
j  org.springframework.boot.web.servlet.context.ServletWebServerApplicationContext.onRefresh()V+5
j  org.springframework.context.support.AbstractApplicationContext.refresh()V+45
j  org.springframework.boot.web.servlet.context.ServletWebServerApplicationContext.refresh()V+1
j  org.springframework.boot.SpringApplication.refresh(Lorg/springframework/context/ApplicationContext;)V+10
j  org.springframework.boot.SpringApplication.refreshContext(Lorg/springframework/context/ConfigurableApplicationContext;)V+2
j  org.springframework.boot.SpringApplication.run([Ljava/lang/String;)Lorg/springframework/context/ConfigurableApplicationContext;+118
j  org.springframework.boot.SpringApplication.run([Ljava/lang/Class;[Ljava/lang/String;)Lorg/springframework/context/ConfigurableApplicationContext;+9
j  org.springframework.boot.SpringApplication.run(Ljava/lang/Class;[Ljava/lang/String;)Lorg/springframework/context/ConfigurableApplicationContext;+9
j  com.aixl.m.Main.main([Ljava/lang/String;)V+3
v  ~StubRoutines::call_stub
j  sun.reflect.NativeMethodAccessorImpl.invoke0(Ljava/lang/reflect/Method;Ljava/lang/Object;[Ljava/lang/Object;)Ljava/lang/Object;+0
j  sun.reflect.NativeMethodAccessorImpl.invoke(Ljava/lang/Object;[Ljava/lang/Object;)Ljava/lang/Object;+100
j  sun.reflect.DelegatingMethodAccessorImpl.invoke(Ljava/lang/Object;[Ljava/lang/Object;)Ljava/lang/Object;+6
j  java.lang.reflect.Method.invoke(Ljava/lang/Object;[Ljava/lang/Object;)Ljava/lang/Object;+56
j  org.springframework.boot.devtools.restart.RestartLauncher.run()V+41
v  ~StubRoutines::call_stub

---------------  P R O C E S S  ---------------

Java Threads: ( => current thread )
  0x000000001c6f1800 JavaThread "lettuce-eventExecutorLoop-1-1" daemon [_thread_blocked, id=51508, stack(0x0000000020470000,0x0000000020570000)]
  0x000000001c6f5800 JavaThread "Druid-ConnectionPool-Destroy-292019009" daemon [_thread_blocked, id=57276, stack(0x000000001f7f0000,0x000000001f8f0000)]
  0x000000001c6f6000 JavaThread "Druid-ConnectionPool-Create-292019009" daemon [_thread_blocked, id=92304, stack(0x000000001ea10000,0x000000001eb10000)]
  0x000000001c6f4800 JavaThread "mysql-cj-abandoned-connection-cleanup" daemon [_thread_blocked, id=3476, stack(0x0000000019510000,0x0000000019610000)]
=>0x0000000017c4b800 JavaThread "restartedMain" [_thread_in_vm, id=77608, stack(0x0000000019410000,0x0000000019510000)]
  0x0000000017c6e000 JavaThread "Thread-0" [_thread_blocked, id=47552, stack(0x0000000019310000,0x0000000019410000)]
  0x0000000017727800 JavaThread "Service Thread" daemon [_thread_blocked, id=70540, stack(0x0000000018140000,0x0000000018240000)]
  0x0000000017619800 JavaThread "C1 CompilerThread2" daemon [_thread_blocked, id=60624, stack(0x0000000018040000,0x0000000018140000)]
  0x000000001733e000 JavaThread "C2 CompilerThread1" daemon [_thread_in_native, id=29568, stack(0x0000000017f40000,0x0000000018040000)]
  0x00000000175db000 JavaThread "C2 CompilerThread0" daemon [_thread_in_native, id=16832, stack(0x0000000017e40000,0x0000000017f40000)]
  0x00000000175bb000 JavaThread "Monitor Ctrl-Break" daemon [_thread_in_native, id=48816, stack(0x0000000017d40000,0x0000000017e40000)]
  0x0000000016f82800 JavaThread "Attach Listener" daemon [_thread_blocked, id=88928, stack(0x0000000017440000,0x0000000017540000)]
  0x0000000015c03800 JavaThread "Signal Dispatcher" daemon [_thread_blocked, id=5144, stack(0x0000000017340000,0x0000000017440000)]
  0x000000000366a800 JavaThread "Finalizer" daemon [_thread_blocked, id=66948, stack(0x0000000016e40000,0x0000000016f40000)]
  0x0000000003667000 JavaThread "Reference Handler" daemon [_thread_blocked, id=45616, stack(0x0000000016d40000,0x0000000016e40000)]
  0x0000000003577000 JavaThread "main" [_thread_blocked, id=68000, stack(0x0000000003280000,0x0000000003380000)]

Other Threads:
  0x0000000015bb7800 VMThread [stack: 0x0000000016c40000,0x0000000016d40000] [id=53468]
  0x000000001772a000 WatcherThread [stack: 0x0000000018240000,0x0000000018340000] [id=17560]

VM state:not at safepoint (normal execution)

VM Mutex/Monitor currently owned by a thread: None

heap address: 0x00000000c2200000, size: 990 MB, Compressed Oops mode: 32-bit
Narrow klass base: 0x0000000000000000, Narrow klass shift: 3
Compressed class space size: 1073741824 Address: 0x0000000100000000

Heap:
 PSYoungGen      total 136192K, used 37245K [0x00000000eb600000, 0x00000000f6c00000, 0x0000000100000000)
  eden space 126464K, 21% used [0x00000000eb600000,0x00000000ed0e3d10,0x00000000f3180000)
  from space 9728K, 99% used [0x00000000f3180000,0x00000000f3afba60,0x00000000f3b00000)
  to   space 12288K, 0% used [0x00000000f6000000,0x00000000f6000000,0x00000000f6c00000)
 ParOldGen       total 52224K, used 18767K [0x00000000c2200000, 0x00000000c5500000, 0x00000000eb600000)
  object space 52224K, 35% used [0x00000000c2200000,0x00000000c3453e70,0x00000000c5500000)
 Metaspace       used 45677K, capacity 47830K, committed 48048K, reserved 1091584K
  class space    used 5876K, capacity 6315K, committed 6320K, reserved 1048576K

Card table byte_map: [0x0000000012a30000,0x0000000012c20000] byte_map_base: 0x000000001241f000

Marking Bits: (ParMarkBitMap*) 0x0000000073705ce0
 Begin Bits: [0x0000000013170000, 0x00000000140e8000)
 End Bits:   [0x00000000140e8000, 0x0000000015060000)

Polling page: 0x0000000001570000

CodeCache: size=245760Kb used=13952Kb max_used=13952Kb free=231807Kb
 bounds [0x0000000003670000, 0x0000000004420000, 0x0000000012670000]
 total_blobs=4478 nmethods=3954 adapters=436
 compilation: enabled

Compilation events (10 events):
Event: 15.182 Thread 0x0000000017619800 4355       3       java.lang.invoke.LambdaFormEditor$Transform::of (49 bytes)
Event: 15.183 Thread 0x0000000017619800 nmethod 4355 0x0000000004414550 code [0x0000000004414760, 0x0000000004415118]
Event: 15.183 Thread 0x0000000017619800 4356       3       java.lang.invoke.MethodHandles::makeIdentity (23 bytes)
Event: 15.184 Thread 0x0000000017619800 nmethod 4356 0x0000000004415650 code [0x0000000004415880, 0x0000000004416518]
Event: 15.184 Thread 0x0000000017619800 4357       3       java.lang.invoke.InnerClassLambdaMetafactory$1::run (5 bytes)
Event: 15.185 Thread 0x0000000017619800 nmethod 4357 0x0000000004416bd0 code [0x0000000004416dc0, 0x0000000004417498]
Event: 15.185 Thread 0x0000000017619800 4358       3       java.lang.invoke.InnerClassLambdaMetafactory$1::run (23 bytes)
Event: 15.185 Thread 0x0000000017619800 nmethod 4358 0x0000000004417890 code [0x0000000004417a60, 0x00000000044180b8]
Event: 15.185 Thread 0x0000000017619800 4359       3       java.lang.invoke.MethodHandles::identity (87 bytes)
Event: 15.187 Thread 0x0000000017619800 nmethod 4359 0x00000000044183d0 code [0x0000000004418760, 0x000000000441a6d8]

GC Heap History (10 events):
Event: 7.341 GC heap before
{Heap before GC invocations=9 (full 1):
 PSYoungGen      total 70144K, used 62976K [0x00000000eb600000, 0x00000000f3f00000, 0x0000000100000000)
  eden space 62976K, 100% used [0x00000000eb600000,0x00000000ef380000,0x00000000ef380000)
  from space 7168K, 0% used [0x00000000ef380000,0x00000000ef380000,0x00000000efa80000)
  to   space 7168K, 0% used [0x00000000f3800000,0x00000000f3800000,0x00000000f3f00000)
 ParOldGen       total 35840K, used 9435K [0x00000000c2200000, 0x00000000c4500000, 0x00000000eb600000)
  object space 35840K, 26% used [0x00000000c2200000,0x00000000c2b36ce8,0x00000000c4500000)
 Metaspace       used 24503K, capacity 25440K, committed 25648K, reserved 1071104K
  class space    used 3111K, capacity 3356K, committed 3376K, reserved 1048576K
Event: 7.349 GC heap after
Heap after GC invocations=9 (full 1):
 PSYoungGen      total 103936K, used 5793K [0x00000000eb600000, 0x00000000f3e00000, 0x0000000100000000)
  eden space 97792K, 0% used [0x00000000eb600000,0x00000000eb600000,0x00000000f1580000)
  from space 6144K, 94% used [0x00000000f3800000,0x00000000f3da8660,0x00000000f3e00000)
  to   space 7168K, 0% used [0x00000000f3000000,0x00000000f3000000,0x00000000f3700000)
 ParOldGen       total 35840K, used 9443K [0x00000000c2200000, 0x00000000c4500000, 0x00000000eb600000)
  object space 35840K, 26% used [0x00000000c2200000,0x00000000c2b38ce8,0x00000000c4500000)
 Metaspace       used 24503K, capacity 25440K, committed 25648K, reserved 1071104K
  class space    used 3111K, capacity 3356K, committed 3376K, reserved 1048576K
}
Event: 9.169 GC heap before
{Heap before GC invocations=10 (full 1):
 PSYoungGen      total 103936K, used 103585K [0x00000000eb600000, 0x00000000f3e00000, 0x0000000100000000)
  eden space 97792K, 100% used [0x00000000eb600000,0x00000000f1580000,0x00000000f1580000)
  from space 6144K, 94% used [0x00000000f3800000,0x00000000f3da8660,0x00000000f3e00000)
  to   space 7168K, 0% used [0x00000000f3000000,0x00000000f3000000,0x00000000f3700000)
 ParOldGen       total 35840K, used 9443K [0x00000000c2200000, 0x00000000c4500000, 0x00000000eb600000)
  object space 35840K, 26% used [0x00000000c2200000,0x00000000c2b38ce8,0x00000000c4500000)
 Metaspace       used 29545K, capacity 30802K, committed 31024K, reserved 1077248K
  class space    used 3778K, capacity 4049K, committed 4144K, reserved 1048576K
Event: 9.182 GC heap after
Heap after GC invocations=10 (full 1):
 PSYoungGen      total 132096K, used 7138K [0x00000000eb600000, 0x00000000f4400000, 0x0000000100000000)
  eden space 124928K, 0% used [0x00000000eb600000,0x00000000eb600000,0x00000000f3000000)
  from space 7168K, 99% used [0x00000000f3000000,0x00000000f36f8b90,0x00000000f3700000)
  to   space 9216K, 0% used [0x00000000f3b00000,0x00000000f3b00000,0x00000000f4400000)
 ParOldGen       total 35840K, used 12295K [0x00000000c2200000, 0x00000000c4500000, 0x00000000eb600000)
  object space 35840K, 34% used [0x00000000c2200000,0x00000000c2e01db0,0x00000000c4500000)
 Metaspace       used 29545K, capacity 30802K, committed 31024K, reserved 1077248K
  class space    used 3778K, capacity 4049K, committed 4144K, reserved 1048576K
}
Event: 10.669 GC heap before
{Heap before GC invocations=11 (full 1):
 PSYoungGen      total 132096K, used 62486K [0x00000000eb600000, 0x00000000f4400000, 0x0000000100000000)
  eden space 124928K, 44% used [0x00000000eb600000,0x00000000eec0cfb0,0x00000000f3000000)
  from space 7168K, 99% used [0x00000000f3000000,0x00000000f36f8b90,0x00000000f3700000)
  to   space 9216K, 0% used [0x00000000f3b00000,0x00000000f3b00000,0x00000000f4400000)
 ParOldGen       total 35840K, used 12295K [0x00000000c2200000, 0x00000000c4500000, 0x00000000eb600000)
  object space 35840K, 34% used [0x00000000c2200000,0x00000000c2e01db0,0x00000000c4500000)
 Metaspace       used 33600K, capacity 35372K, committed 35496K, reserved 1079296K
  class space    used 4477K, capacity 4830K, committed 4912K, reserved 1048576K
Event: 10.691 GC heap after
Heap after GC invocations=11 (full 1):
 PSYoungGen      total 135680K, used 7821K [0x00000000eb600000, 0x00000000f6580000, 0x0000000100000000)
  eden space 126464K, 0% used [0x00000000eb600000,0x00000000eb600000,0x00000000f3180000)
  from space 9216K, 84% used [0x00000000f3b00000,0x00000000f42a3780,0x00000000f4400000)
  to   space 9728K, 0% used [0x00000000f3180000,0x00000000f3180000,0x00000000f3b00000)
 ParOldGen       total 35840K, used 13970K [0x00000000c2200000, 0x00000000c4500000, 0x00000000eb600000)
  object space 35840K, 38% used [0x00000000c2200000,0x00000000c2fa4988,0x00000000c4500000)
 Metaspace       used 33600K, capacity 35372K, committed 35496K, reserved 1079296K
  class space    used 4477K, capacity 4830K, committed 4912K, reserved 1048576K
}
Event: 10.691 GC heap before
{Heap before GC invocations=12 (full 2):
 PSYoungGen      total 135680K, used 7821K [0x00000000eb600000, 0x00000000f6580000, 0x0000000100000000)
  eden space 126464K, 0% used [0x00000000eb600000,0x00000000eb600000,0x00000000f3180000)
  from space 9216K, 84% used [0x00000000f3b00000,0x00000000f42a3780,0x00000000f4400000)
  to   space 9728K, 0% used [0x00000000f3180000,0x00000000f3180000,0x00000000f3b00000)
 ParOldGen       total 35840K, used 13970K [0x00000000c2200000, 0x00000000c4500000, 0x00000000eb600000)
  object space 35840K, 38% used [0x00000000c2200000,0x00000000c2fa4988,0x00000000c4500000)
 Metaspace       used 33600K, capacity 35372K, committed 35496K, reserved 1079296K
  class space    used 4477K, capacity 4830K, committed 4912K, reserved 1048576K
Event: 10.803 GC heap after
Heap after GC invocations=12 (full 2):
 PSYoungGen      total 135680K, used 0K [0x00000000eb600000, 0x00000000f6580000, 0x0000000100000000)
  eden space 126464K, 0% used [0x00000000eb600000,0x00000000eb600000,0x00000000f3180000)
  from space 9216K, 0% used [0x00000000f3b00000,0x00000000f3b00000,0x00000000f4400000)
  to   space 9728K, 0% used [0x00000000f3180000,0x00000000f3180000,0x00000000f3b00000)
 ParOldGen       total 52224K, used 14102K [0x00000000c2200000, 0x00000000c5500000, 0x00000000eb600000)
  object space 52224K, 27% used [0x00000000c2200000,0x00000000c2fc5bb0,0x00000000c5500000)
 Metaspace       used 33600K, capacity 35372K, committed 35496K, reserved 1079296K
  class space    used 4477K, capacity 4830K, committed 4912K, reserved 1048576K
}
Event: 14.384 GC heap before
{Heap before GC invocations=13 (full 2):
 PSYoungGen      total 135680K, used 126464K [0x00000000eb600000, 0x00000000f6580000, 0x0000000100000000)
  eden space 126464K, 100% used [0x00000000eb600000,0x00000000f3180000,0x00000000f3180000)
  from space 9216K, 0% used [0x00000000f3b00000,0x00000000f3b00000,0x00000000f4400000)
  to   space 9728K, 0% used [0x00000000f3180000,0x00000000f3180000,0x00000000f3b00000)
 ParOldGen       total 52224K, used 14102K [0x00000000c2200000, 0x00000000c5500000, 0x00000000eb600000)
  object space 52224K, 27% used [0x00000000c2200000,0x00000000c2fc5bb0,0x00000000c5500000)
 Metaspace       used 43460K, capacity 45524K, committed 45616K, reserved 1089536K
  class space    used 5526K, capacity 5924K, committed 5936K, reserved 1048576K
Event: 14.402 GC heap after
Heap after GC invocations=13 (full 2):
 PSYoungGen      total 136192K, used 9710K [0x00000000eb600000, 0x00000000f6c00000, 0x0000000100000000)
  eden space 126464K, 0% used [0x00000000eb600000,0x00000000eb600000,0x00000000f3180000)
  from space 9728K, 99% used [0x00000000f3180000,0x00000000f3afba60,0x00000000f3b00000)
  to   space 12288K, 0% used [0x00000000f6000000,0x00000000f6000000,0x00000000f6c00000)
 ParOldGen       total 52224K, used 18767K [0x00000000c2200000, 0x00000000c5500000, 0x00000000eb600000)
  object space 52224K, 35% used [0x00000000c2200000,0x00000000c3453e70,0x00000000c5500000)
 Metaspace       used 43460K, capacity 45524K, committed 45616K, reserved 1089536K
  class space    used 5526K, capacity 5924K, committed 5936K, reserved 1048576K
}

Deoptimization events (10 events):
Event: 14.036 Thread 0x0000000017c4b800 Uncommon trap: reason=class_check action=maybe_recompile pc=0x000000000434b94c method=java.util.jar.JarFile.maybeInstantiateVerifier()V @ 79
Event: 14.222 Thread 0x0000000017c4b800 Uncommon trap: reason=predicate action=maybe_recompile pc=0x0000000003cba164 method=java.util.regex.Pattern$SliceI.match(Ljava/util/regex/Matcher;ILjava/lang/CharSequence;)Z @ 21
Event: 14.257 Thread 0x0000000017c4b800 Uncommon trap: reason=bimorphic action=maybe_recompile pc=0x0000000003c04a30 method=java.util.Hashtable.get(Ljava/lang/Object;)Ljava/lang/Object; @ 6
Event: 14.339 Thread 0x0000000017c4b800 Uncommon trap: reason=unstable_if action=reinterpret pc=0x0000000003936bc4 method=sun.nio.cs.UTF_8$Decoder.decode([BII[C)I @ 30
Event: 14.339 Thread 0x0000000017c4b800 Uncommon trap: reason=unstable_if action=reinterpret pc=0x000000000416ac68 method=java.lang.StringCoding.safeTrim([CILjava/nio/charset/Charset;Z)[C @ 3
Event: 14.432 Thread 0x0000000017727800 Uncommon trap: reason=bimorphic action=maybe_recompile pc=0x0000000003f6a9dc method=java.util.AbstractCollection.containsAll(Ljava/util/Collection;)Z @ 25
Event: 14.432 Thread 0x0000000017727800 Uncommon trap: reason=bimorphic action=maybe_recompile pc=0x0000000003f6a9dc method=java.util.AbstractCollection.containsAll(Ljava/util/Collection;)Z @ 25
Event: 14.432 Thread 0x0000000017727800 Uncommon trap: reason=bimorphic action=maybe_recompile pc=0x0000000003f6a9dc method=java.util.AbstractCollection.containsAll(Ljava/util/Collection;)Z @ 25
Event: 14.432 Thread 0x0000000017727800 Uncommon trap: reason=bimorphic action=maybe_recompile pc=0x0000000003f6a9dc method=java.util.AbstractCollection.containsAll(Ljava/util/Collection;)Z @ 25
Event: 14.753 Thread 0x0000000017c4b800 Uncommon trap: reason=unstable_if action=reinterpret pc=0x0000000003ca0264 method=java.io.WinNTFileSystem.isLetter(C)Z @ 3

Classes redefined (0 events):
No events

Internal exceptions (10 events):
Event: 13.070 Thread 0x0000000017c4b800 Exception <a 'java/lang/ClassNotFoundException': javax/sql/ConnectionPoolDataSourceCustomizer> (0x00000000f065b5a8) thrown at [C:\re\workspace\8-2-build-windows-amd64-cygwin\jdk8u211\12973\hotspot\src\share\vm\classfile\systemDictionary.cpp, line 210]
Event: 13.071 Thread 0x0000000017c4b800 Exception <a 'java/lang/ClassNotFoundException': javax/sql/CommonDataSourceCustomizer> (0x00000000f066cb78) thrown at [C:\re\workspace\8-2-build-windows-amd64-cygwin\jdk8u211\12973\hotspot\src\share\vm\classfile\systemDictionary.cpp, line 210]
Event: 13.073 Thread 0x0000000017c4b800 Exception <a 'java/lang/ClassNotFoundException': javax/management/MBeanRegistrationCustomizer> (0x00000000f0683d48) thrown at [C:\re\workspace\8-2-build-windows-amd64-cygwin\jdk8u211\12973\hotspot\src\share\vm\classfile\systemDictionary.cpp, line 210]
Event: 13.074 Thread 0x0000000017c4b800 Exception <a 'java/lang/ClassNotFoundException': com/alibaba/druid/pool/DruidAbstractDataSourceMBeanCustomizer> (0x00000000f06aa2c0) thrown at [C:\re\workspace\8-2-build-windows-amd64-cygwin\jdk8u211\12973\hotspot\src\share\vm\classfile\systemDictionary.c
Event: 13.090 Thread 0x0000000017c4b800 Exception <a 'java/lang/ClassNotFoundException': javax/sql/DataSourceCustomizer> (0x00000000f0701838) thrown at [C:\re\workspace\8-2-build-windows-amd64-cygwin\jdk8u211\12973\hotspot\src\share\vm\classfile\systemDictionary.cpp, line 210]
Event: 13.090 Thread 0x0000000017c4b800 Exception <a 'java/lang/ClassNotFoundException': javax/sql/CommonDataSourceCustomizer> (0x00000000f0712850) thrown at [C:\re\workspace\8-2-build-windows-amd64-cygwin\jdk8u211\12973\hotspot\src\share\vm\classfile\systemDictionary.cpp, line 210]
Event: 13.096 Thread 0x0000000017c4b800 Exception <a 'java/lang/ClassNotFoundException': java/sql/WrapperCustomizer> (0x00000000f0725a38) thrown at [C:\re\workspace\8-2-build-windows-amd64-cygwin\jdk8u211\12973\hotspot\src\share\vm\classfile\systemDictionary.cpp, line 210]
Event: 13.100 Thread 0x0000000017c4b800 Exception <a 'java/lang/ClassNotFoundException': com/alibaba/druid/proxy/jdbc/DataSourceProxyCustomizer> (0x00000000f0747530) thrown at [C:\re\workspace\8-2-build-windows-amd64-cygwin\jdk8u211\12973\hotspot\src\share\vm\classfile\systemDictionary.cpp, lin
Event: 13.102 Thread 0x0000000017c4b800 Exception <a 'java/lang/ClassNotFoundException': java/sql/WrapperCustomizer> (0x00000000f075f2d8) thrown at [C:\re\workspace\8-2-build-windows-amd64-cygwin\jdk8u211\12973\hotspot\src\share\vm\classfile\systemDictionary.cpp, line 210]
Event: 13.500 Thread 0x0000000017c4b800 Implicit null exception at 0x000000000392df96 to 0x000000000392e331

Events (10 events):
Event: 15.220 loading class org/springframework/data/redis/connection/lettuce/LettuceConnection
Event: 15.220 loading class org/springframework/data/redis/connection/lettuce/LettuceConnection done
Event: 15.225 loading class io/lettuce/core/cluster/api/StatefulRedisClusterConnection
Event: 15.225 loading class io/lettuce/core/cluster/api/StatefulRedisClusterConnection done
Event: 15.227 loading class org/springframework/data/redis/connection/ClusterCommandExecutor
Event: 15.227 loading class org/springframework/data/redis/connection/ClusterCommandExecutor done
Event: 15.230 loading class org/springframework/data/redis/connection/lettuce/LettuceClusterConnection
Event: 15.230 loading class org/springframework/data/redis/connection/lettuce/LettuceClusterConnection done
Event: 15.233 loading class org/springframework/data/redis/connection/DefaultedRedisClusterConnection
Event: 15.233 loading class org/springframework/data/redis/connection/DefaultedRedisClusterConnection done


Dynamic libraries:
0x00007ff647e30000 - 0x00007ff647e67000 	C:\Program Files\Java\jdk1.8.0_211\bin\java.exe
0x00007ff935de0000 - 0x00007ff935fd0000 	C:\WINDOWS\SYSTEM32\ntdll.dll
0x00007ff933e90000 - 0x00007ff933f42000 	C:\WINDOWS\System32\KERNEL32.DLL
0x00007ff933810000 - 0x00007ff933ab3000 	C:\WINDOWS\System32\KERNELBASE.dll
0x00007ff934660000 - 0x00007ff934703000 	C:\WINDOWS\System32\ADVAPI32.dll
0x00007ff934c30000 - 0x00007ff934cce000 	C:\WINDOWS\System32\msvcrt.dll
0x00007ff934db0000 - 0x00007ff934e47000 	C:\WINDOWS\System32\sechost.dll
0x00007ff9355b0000 - 0x00007ff9356d0000 	C:\WINDOWS\System32\RPCRT4.dll
0x00007ff9340d0000 - 0x00007ff934264000 	C:\WINDOWS\System32\USER32.dll
0x00007ff933ac0000 - 0x00007ff933ae1000 	C:\WINDOWS\System32\win32u.dll
0x00007ff935b80000 - 0x00007ff935ba6000 	C:\WINDOWS\System32\GDI32.dll
0x00007ff9334f0000 - 0x00007ff933684000 	C:\WINDOWS\System32\gdi32full.dll
0x00007ff933da0000 - 0x00007ff933e3e000 	C:\WINDOWS\System32\msvcp_win.dll
0x00007ff933af0000 - 0x00007ff933bea000 	C:\WINDOWS\System32\ucrtbase.dll
0x00007ff922e60000 - 0x00007ff9230e5000 	C:\WINDOWS\WinSxS\amd64_microsoft.windows.common-controls_6595b64144ccf1df_6.0.18362.535_none_e6c3b34713100821\COMCTL32.dll
0x00007ff935830000 - 0x00007ff935b66000 	C:\WINDOWS\System32\combase.dll
0x00007ff933790000 - 0x00007ff933810000 	C:\WINDOWS\System32\bcryptPrimitives.dll
0x00007ff935d70000 - 0x00007ff935d9e000 	C:\WINDOWS\System32\IMM32.DLL
0x0000000073b70000 - 0x0000000073c42000 	C:\Program Files\Java\jdk1.8.0_211\jre\bin\msvcr100.dll
0x0000000072ee0000 - 0x0000000073785000 	C:\Program Files\Java\jdk1.8.0_211\jre\bin\server\jvm.dll
0x00007ff935b70000 - 0x00007ff935b78000 	C:\WINDOWS\System32\PSAPI.DLL
0x00007ff92f600000 - 0x00007ff92f609000 	C:\WINDOWS\SYSTEM32\WSOCK32.dll
0x00007ff935cf0000 - 0x00007ff935d5f000 	C:\WINDOWS\System32\WS2_32.dll
0x00007ff930a90000 - 0x00007ff930ab4000 	C:\WINDOWS\SYSTEM32\WINMM.dll
0x00007ff9317d0000 - 0x00007ff9317da000 	C:\WINDOWS\SYSTEM32\VERSION.dll
0x00007ff930a60000 - 0x00007ff930a8d000 	C:\WINDOWS\SYSTEM32\WINMMBASE.dll
0x00007ff933e40000 - 0x00007ff933e8a000 	C:\WINDOWS\System32\cfgmgr32.dll
0x00007ff9317c0000 - 0x00007ff9317cf000 	C:\Program Files\Java\jdk1.8.0_211\jre\bin\verify.dll
0x00007ff925650000 - 0x00007ff925679000 	C:\Program Files\Java\jdk1.8.0_211\jre\bin\java.dll
0x00007ff925170000 - 0x00007ff925193000 	C:\Program Files\Java\jdk1.8.0_211\jre\bin\instrument.dll
0x00007ff92b600000 - 0x00007ff92b616000 	C:\Program Files\Java\jdk1.8.0_211\jre\bin\zip.dll
0x00007ff934ec0000 - 0x00007ff9355a5000 	C:\WINDOWS\System32\SHELL32.dll
0x00007ff934020000 - 0x00007ff9340c9000 	C:\WINDOWS\System32\shcore.dll
0x00007ff932d70000 - 0x00007ff9334ef000 	C:\WINDOWS\System32\windows.storage.dll
0x00007ff932ce0000 - 0x00007ff932cff000 	C:\WINDOWS\System32\profapi.dll
0x00007ff932d00000 - 0x00007ff932d4a000 	C:\WINDOWS\System32\powrprof.dll
0x00007ff932cb0000 - 0x00007ff932cc0000 	C:\WINDOWS\System32\UMPDC.dll
0x00007ff934600000 - 0x00007ff934652000 	C:\WINDOWS\System32\shlwapi.dll
0x00007ff932cc0000 - 0x00007ff932cd1000 	C:\WINDOWS\System32\kernel.appcore.dll
0x00007ff9336c0000 - 0x00007ff9336d7000 	C:\WINDOWS\System32\cryptsp.dll
0x00007ff92d930000 - 0x00007ff92d94a000 	D:\Program Files\JetBrains\IntelliJ IDEA 2019.2.4\bin\breakgen64.dll
0x00007ff922890000 - 0x00007ff9228aa000 	C:\Program Files\Java\jdk1.8.0_211\jre\bin\net.dll
0x00007ff922060000 - 0x00007ff922236000 	C:\WINDOWS\SYSTEM32\urlmon.dll
0x00007ff922aa0000 - 0x00007ff922d46000 	C:\WINDOWS\SYSTEM32\iertutil.dll
0x00007ff932690000 - 0x00007ff93269c000 	C:\WINDOWS\SYSTEM32\CRYPTBASE.DLL
0x00007ff9324c0000 - 0x00007ff932527000 	C:\WINDOWS\system32\mswsock.dll
0x00007ff92d920000 - 0x00007ff92d92d000 	C:\Program Files\Java\jdk1.8.0_211\jre\bin\management.dll
0x00007ff922a60000 - 0x00007ff922a76000 	C:\WINDOWS\system32\napinsp.dll
0x00007ff91e9d0000 - 0x00007ff91e9ea000 	C:\WINDOWS\system32\pnrpnsp.dll
0x00007ff932210000 - 0x00007ff9322da000 	C:\WINDOWS\SYSTEM32\DNSAPI.dll
0x00007ff935d60000 - 0x00007ff935d68000 	C:\WINDOWS\System32\NSI.dll
0x00007ff9321d0000 - 0x00007ff93220a000 	C:\WINDOWS\SYSTEM32\IPHLPAPI.DLL
0x00007ff928970000 - 0x00007ff92897e000 	C:\WINDOWS\System32\winrnr.dll
0x00007ff92d620000 - 0x00007ff92d63c000 	C:\WINDOWS\system32\NLAapi.dll
0x00007ff91e9b0000 - 0x00007ff91e9c5000 	C:\WINDOWS\system32\wshbth.dll
0x00007ff926e40000 - 0x00007ff926e4a000 	C:\Windows\System32\rasadhlp.dll
0x00007ff927a60000 - 0x00007ff927ad7000 	C:\WINDOWS\System32\fwpuclnt.dll
0x00007ff933690000 - 0x00007ff9336b6000 	C:\WINDOWS\System32\bcrypt.dll
0x00007ff9224f0000 - 0x00007ff922502000 	C:\Program Files\Java\jdk1.8.0_211\jre\bin\nio.dll
0x00007ff932030000 - 0x00007ff932063000 	C:\WINDOWS\system32\rsaenh.dll
0x00007ff932bd0000 - 0x00007ff932bf5000 	C:\WINDOWS\SYSTEM32\USERENV.dll
0x00007ff9278c0000 - 0x00007ff9278d6000 	C:\WINDOWS\SYSTEM32\dhcpcsvc6.DLL
0x00007ff927360000 - 0x00007ff92737c000 	C:\WINDOWS\SYSTEM32\dhcpcsvc.DLL
0x00007ff9225d0000 - 0x00007ff9225f4000 	C:\Program Files\Java\jdk1.8.0_211\jre\bin\sunec.dll
0x00007ff931790000 - 0x00007ff93179b000 	C:\Program Files\Java\jdk1.8.0_211\jre\bin\sunmscapi.dll
0x00007ff933bf0000 - 0x00007ff933d39000 	C:\WINDOWS\System32\CRYPT32.dll
0x00007ff932d50000 - 0x00007ff932d62000 	C:\WINDOWS\System32\MSASN1.dll

VM Arguments:
jvm_args: -javaagent:D:\Program Files\JetBrains\IntelliJ IDEA 2019.2.4\lib\idea_rt.jar=52818:D:\Program Files\JetBrains\IntelliJ IDEA 2019.2.4\bin -Dfile.encoding=UTF-8 
java_command: com.aixl.m.Main
java_class_path (initial): C:\Program Files\Java\jdk1.8.0_211\jre\lib\charsets.jar;C:\Program Files\Java\jdk1.8.0_211\jre\lib\deploy.jar;C:\Program Files\Java\jdk1.8.0_211\jre\lib\ext\access-bridge-64.jar;C:\Program Files\Java\jdk1.8.0_211\jre\lib\ext\cldrdata.jar;C:\Program Files\Java\jdk1.8.0_211\jre\lib\ext\dnsns.jar;C:\Program Files\Java\jdk1.8.0_211\jre\lib\ext\jaccess.jar;C:\Program Files\Java\jdk1.8.0_211\jre\lib\ext\jfxrt.jar;C:\Program Files\Java\jdk1.8.0_211\jre\lib\ext\localedata.jar;C:\Program Files\Java\jdk1.8.0_211\jre\lib\ext\nashorn.jar;C:\Program Files\Java\jdk1.8.0_211\jre\lib\ext\sunec.jar;C:\Program Files\Java\jdk1.8.0_211\jre\lib\ext\sunjce_provider.jar;C:\Program Files\Java\jdk1.8.0_211\jre\lib\ext\sunmscapi.jar;C:\Program Files\Java\jdk1.8.0_211\jre\lib\ext\sunpkcs11.jar;C:\Program Files\Java\jdk1.8.0_211\jre\lib\ext\zipfs.jar;C:\Program Files\Java\jdk1.8.0_211\jre\lib\javaws.jar;C:\Program Files\Java\jdk1.8.0_211\jre\lib\jce.jar;C:\Program Files\Java\jdk1.8.0_211\jre\lib\jfr.jar;C:\Program Files\Java\jdk1.8.0_211\jre\lib\jfxswt.jar;C:\Program Files\Java\jdk1.8.0_211\jre\lib\jsse.jar;C:\Program Files\Java\jdk1.8.0_211\jre\lib\management-agent.jar;C:\Program Files\Java\jdk1.8.0_211\jre\lib\plugin.jar;C:\Program Files\Java\jdk1.8.0_211\jre\lib\resources.jar;C:\Program Files\Java\jdk1.8.0_211\jre\lib\rt.jar;D:\AixlProject\Aixl\target\classes;D:\maven\repository\org\springframework\boot\spring-boot-starter-data-jdbc\2.2.2.RELEASE\spring-boot-starter-data-jdbc-2.2.2.RELEASE.jar;D:\maven\repository\org\springframework\data\spring-data-jdbc\1.1.3.RELEASE\spring-data-jdbc-1.1.3.RELEASE.jar;D:\maven\repository\org\springframework\data\spring-data-relational\1.1.3.RELEASE\spring-data-relational-1.1.3.RELEASE.jar;D:\maven\repository\org\springframework\data\spring-data-commons\2.2.3.RELEASE\spring-data-commons-2.2.3.RELEASE.jar;D:\maven\repository\org\springframework\spring-context\5.2.2.RELEASE\spring-context-5.2.2.RELEASE.jar;D:\maven\repository\org\
Launcher Type: SUN_STANDARD

Environment Variables:
PATH=C:\Program Files (x86)\Common Files\Oracle\Java\javapath;C:\Windows\System32;C:\Windows;C:\Windows\System32\wbem;C:\Windows\System32\WindowsPowerShell\v1.0\;C:\Windows\System32\OpenSSH\;D:\Program Files (x86)\Subversion\bin;D:\Program Files\TortoiseSVN\bin;D:\Program Files\VisualSVN Server\bin;D:\Program Files (x86)\Subversion\bin;D:\Program Files\php-7.4.0-nts-Win32-vc15-x64;D:\Program Files\Git\cmd;C:\Program Files\MySQL\MySQL Shell 8.0\bin\;C:\Users\h\AppData\Local\Microsoft\WindowsApps;
USERNAME=Bow
OS=Windows_NT
PROCESSOR_IDENTIFIER=Intel64 Family 6 Model 158 Stepping 9, GenuineIntel



---------------  S Y S T E M  ---------------

OS: Windows 10.0 , 64 bit Build 18362 (10.0.18362.329)

CPU:total 4 (initial active 4) (2 cores per cpu, 2 threads per core) family 6 model 158 stepping 9, cmov, cx8, fxsr, mmx, sse, sse2, sse3, ssse3, sse4.1, sse4.2, popcnt, aes, clmul, erms, 3dnowpref, lzcnt, ht, tsc, tscinvbit

Memory: 4k page, physical 4054852k(376908k free), swap 10506596k(6720k free)

vm_info: Java HotSpot(TM) 64-Bit Server VM (25.211-b12) for windows-amd64 JRE (1.8.0_211-b12), built on Apr  1 2019 20:53:26 by "java_re" with MS VC++ 10.0 (VS2010)

time: Fri Dec 27 16:45:48 2019
timezone: 
elapsed time: 15 seconds (0d 0h 0m 15s)

